DEBUG - 2025-08-07 04:20:12 --> Session: Class initialized using 'CodeIgniter\Session\Handlers\FileHandler' driver.
DEBUG - 2025-08-07 04:23:13 --> Session: Class initialized using 'CodeIgniter\Session\Handlers\FileHandler' driver.
DEBUG - 2025-08-07 04:27:59 --> Session: Class initialized using 'CodeIgniter\Session\Handlers\FileHandler' driver.
DEBUG - 2025-08-07 04:28:07 --> Session: Class initialized using 'CodeIgniter\Session\Handlers\FileHandler' driver.
DEBUG - 2025-08-07 04:28:07 --> Session: Class initialized using 'CodeIgniter\Session\Handlers\FileHandler' driver.
DEBUG - 2025-08-07 04:28:31 --> Session: Class initialized using 'CodeIgniter\Session\Handlers\FileHandler' driver.
DEBUG - 2025-08-07 04:30:07 --> Session: Class initialized using 'CodeIgniter\Session\Handlers\FileHandler' driver.
DEBUG - 2025-08-07 04:30:09 --> Session: Class initialized using 'CodeIgniter\Session\Handlers\FileHandler' driver.
DEBUG - 2025-08-07 04:33:49 --> Session: Class initialized using 'CodeIgniter\Session\Handlers\FileHandler' driver.
DEBUG - 2025-08-07 04:34:02 --> Session: Class initialized using 'CodeIgniter\Session\Handlers\FileHandler' driver.
DEBUG - 2025-08-07 04:34:02 --> Session: Class initialized using 'CodeIgniter\Session\Handlers\FileHandler' driver.
DEBUG - 2025-08-07 04:35:01 --> Session: Class initialized using 'CodeIgniter\Session\Handlers\FileHandler' driver.
DEBUG - 2025-08-07 04:35:16 --> Session: Class initialized using 'CodeIgniter\Session\Handlers\FileHandler' driver.
CRITICAL - 2025-08-07 04:35:17 --> ErrorException: Undefined array key "petugas"
[Method: GET, Route: admin/pajak/edit/35]
in APPPATH\Views\admin\pajak\edit.php on line 181.
 1 APPPATH\Views\admin\pajak\edit.php(181): CodeIgniter\Debug\Exceptions->errorHandler(2, 'Undefined array key "petugas"', 'C:\\laragon\\www\\pajak\\app\\Views\\admin\\pajak\\edit.php', 181)
 2 SYSTEMPATH\View\View.php(224): include('C:\\laragon\\www\\pajak\\app\\Views\\admin\\pajak\\edit.php')
 3 SYSTEMPATH\View\View.php(227): CodeIgniter\View\View->CodeIgniter\View\{closure}()
 4 SYSTEMPATH\Common.php(1173): CodeIgniter\View\View->render('admin/pajak/edit', [], true)
 5 APPPATH\Controllers\Admin\Pajak.php(86): view('admin/pajak/edit', [...])
 6 SYSTEMPATH\CodeIgniter.php(933): App\Controllers\Admin\Pajak->edit('35')
 7 SYSTEMPATH\CodeIgniter.php(507): CodeIgniter\CodeIgniter->runController(Object(App\Controllers\Admin\Pajak))
 8 SYSTEMPATH\CodeIgniter.php(354): CodeIgniter\CodeIgniter->handleRequest(null, Object(Config\Cache), false)
 9 SYSTEMPATH\Boot.php(334): CodeIgniter\CodeIgniter->run()
10 SYSTEMPATH\Boot.php(67): CodeIgniter\Boot::runCodeIgniter(Object(CodeIgniter\CodeIgniter))
11 FCPATH\index.php(59): CodeIgniter\Boot::bootWeb(Object(Config\Paths))
CRITICAL - 2025-08-07 04:40:07 --> ErrorException: Undefined array key "petugas_id"
[Method: GET, Route: admin/pajak/edit/35]
in APPPATH\Views\admin\pajak\edit.php on line 181.
 1 APPPATH\Views\admin\pajak\edit.php(181): CodeIgniter\Debug\Exceptions->errorHandler(2, 'Undefined array key "petugas_id"', 'C:\\laragon\\www\\pajak\\app\\Views\\admin\\pajak\\edit.php', 181)
 2 SYSTEMPATH\View\View.php(224): include('C:\\laragon\\www\\pajak\\app\\Views\\admin\\pajak\\edit.php')
 3 SYSTEMPATH\View\View.php(227): CodeIgniter\View\View->CodeIgniter\View\{closure}()
 4 SYSTEMPATH\Common.php(1173): CodeIgniter\View\View->render('admin/pajak/edit', [], true)
 5 APPPATH\Controllers\Admin\Pajak.php(86): view('admin/pajak/edit', [...])
 6 SYSTEMPATH\CodeIgniter.php(933): App\Controllers\Admin\Pajak->edit('35')
 7 SYSTEMPATH\CodeIgniter.php(507): CodeIgniter\CodeIgniter->runController(Object(App\Controllers\Admin\Pajak))
 8 SYSTEMPATH\CodeIgniter.php(354): CodeIgniter\CodeIgniter->handleRequest(null, Object(Config\Cache), false)
 9 SYSTEMPATH\Boot.php(334): CodeIgniter\CodeIgniter->run()
10 SYSTEMPATH\Boot.php(67): CodeIgniter\Boot::runCodeIgniter(Object(CodeIgniter\CodeIgniter))
11 FCPATH\index.php(59): CodeIgniter\Boot::bootWeb(Object(Config\Paths))
CRITICAL - 2025-08-07 04:42:02 --> ErrorException: Undefined array key "petugas_id"
[Method: GET, Route: admin/pajak/edit/35]
in APPPATH\Views\admin\pajak\edit.php on line 181.
 1 APPPATH\Views\admin\pajak\edit.php(181): CodeIgniter\Debug\Exceptions->errorHandler(2, 'Undefined array key "petugas_id"', 'C:\\laragon\\www\\pajak\\app\\Views\\admin\\pajak\\edit.php', 181)
 2 SYSTEMPATH\View\View.php(224): include('C:\\laragon\\www\\pajak\\app\\Views\\admin\\pajak\\edit.php')
 3 SYSTEMPATH\View\View.php(227): CodeIgniter\View\View->CodeIgniter\View\{closure}()
 4 SYSTEMPATH\Common.php(1173): CodeIgniter\View\View->render('admin/pajak/edit', [], true)
 5 APPPATH\Controllers\Admin\Pajak.php(88): view('admin/pajak/edit', [...])
 6 SYSTEMPATH\CodeIgniter.php(933): App\Controllers\Admin\Pajak->edit('35')
 7 SYSTEMPATH\CodeIgniter.php(507): CodeIgniter\CodeIgniter->runController(Object(App\Controllers\Admin\Pajak))
 8 SYSTEMPATH\CodeIgniter.php(354): CodeIgniter\CodeIgniter->handleRequest(null, Object(Config\Cache), false)
 9 SYSTEMPATH\Boot.php(334): CodeIgniter\CodeIgniter->run()
10 SYSTEMPATH\Boot.php(67): CodeIgniter\Boot::runCodeIgniter(Object(CodeIgniter\CodeIgniter))
11 FCPATH\index.php(59): CodeIgniter\Boot::bootWeb(Object(Config\Paths))
DEBUG - 2025-08-07 04:43:03 --> Session: Class initialized using 'CodeIgniter\Session\Handlers\FileHandler' driver.
DEBUG - 2025-08-07 04:43:03 --> Session: Class initialized using 'CodeIgniter\Session\Handlers\FileHandler' driver.
DEBUG - 2025-08-07 04:43:31 --> Session: Class initialized using 'CodeIgniter\Session\Handlers\FileHandler' driver.
DEBUG - 2025-08-07 04:43:33 --> Session: Class initialized using 'CodeIgniter\Session\Handlers\FileHandler' driver.
DEBUG - 2025-08-07 04:43:35 --> Session: Class initialized using 'CodeIgniter\Session\Handlers\FileHandler' driver.
DEBUG - 2025-08-07 04:43:38 --> Session: Class initialized using 'CodeIgniter\Session\Handlers\FileHandler' driver.
DEBUG - 2025-08-07 04:43:39 --> Session: Class initialized using 'CodeIgniter\Session\Handlers\FileHandler' driver.
DEBUG - 2025-08-07 04:43:41 --> Session: Class initialized using 'CodeIgniter\Session\Handlers\FileHandler' driver.
DEBUG - 2025-08-07 04:43:56 --> Session: Class initialized using 'CodeIgniter\Session\Handlers\FileHandler' driver.
DEBUG - 2025-08-07 04:43:59 --> Session: Class initialized using 'CodeIgniter\Session\Handlers\FileHandler' driver.
DEBUG - 2025-08-07 04:44:01 --> Session: Class initialized using 'CodeIgniter\Session\Handlers\FileHandler' driver.
DEBUG - 2025-08-07 04:46:01 --> Session: Class initialized using 'CodeIgniter\Session\Handlers\FileHandler' driver.
DEBUG - 2025-08-07 04:46:59 --> Session: Class initialized using 'CodeIgniter\Session\Handlers\FileHandler' driver.
DEBUG - 2025-08-07 04:46:59 --> Session: Class initialized using 'CodeIgniter\Session\Handlers\FileHandler' driver.
DEBUG - 2025-08-07 04:50:16 --> Session: Class initialized using 'CodeIgniter\Session\Handlers\FileHandler' driver.
DEBUG - 2025-08-07 04:50:25 --> Session: Class initialized using 'CodeIgniter\Session\Handlers\FileHandler' driver.
CRITICAL - 2025-08-07 04:50:28 --> ErrorException: Undefined variable $petugasList
[Method: GET, Route: admin/pajak/create]
in APPPATH\Views\admin\pajak\create.php on line 183.
 1 APPPATH\Views\admin\pajak\create.php(183): CodeIgniter\Debug\Exceptions->errorHandler(2, 'Undefined variable $petugasList', 'C:\\laragon\\www\\pajak\\app\\Views\\admin\\pajak\\create.php', 183)
 2 SYSTEMPATH\View\View.php(224): include('C:\\laragon\\www\\pajak\\app\\Views\\admin\\pajak\\create.php')
 3 SYSTEMPATH\View\View.php(227): CodeIgniter\View\View->CodeIgniter\View\{closure}()
 4 SYSTEMPATH\Common.php(1173): CodeIgniter\View\View->render('admin/pajak/create', [], true)
 5 APPPATH\Controllers\Admin\Pajak.php(42): view('admin/pajak/create')
 6 SYSTEMPATH\CodeIgniter.php(933): App\Controllers\Admin\Pajak->create()
 7 SYSTEMPATH\CodeIgniter.php(507): CodeIgniter\CodeIgniter->runController(Object(App\Controllers\Admin\Pajak))
 8 SYSTEMPATH\CodeIgniter.php(354): CodeIgniter\CodeIgniter->handleRequest(null, Object(Config\Cache), false)
 9 SYSTEMPATH\Boot.php(334): CodeIgniter\CodeIgniter->run()
10 SYSTEMPATH\Boot.php(67): CodeIgniter\Boot::runCodeIgniter(Object(CodeIgniter\CodeIgniter))
11 FCPATH\index.php(59): CodeIgniter\Boot::bootWeb(Object(Config\Paths))
CRITICAL - 2025-08-07 04:50:30 --> ErrorException: Undefined variable $petugasList
[Method: GET, Route: admin/pajak/create]
in APPPATH\Views\admin\pajak\create.php on line 183.
 1 APPPATH\Views\admin\pajak\create.php(183): CodeIgniter\Debug\Exceptions->errorHandler(2, 'Undefined variable $petugasList', 'C:\\laragon\\www\\pajak\\app\\Views\\admin\\pajak\\create.php', 183)
 2 SYSTEMPATH\View\View.php(224): include('C:\\laragon\\www\\pajak\\app\\Views\\admin\\pajak\\create.php')
 3 SYSTEMPATH\View\View.php(227): CodeIgniter\View\View->CodeIgniter\View\{closure}()
 4 SYSTEMPATH\Common.php(1173): CodeIgniter\View\View->render('admin/pajak/create', [], true)
 5 APPPATH\Controllers\Admin\Pajak.php(42): view('admin/pajak/create')
 6 SYSTEMPATH\CodeIgniter.php(933): App\Controllers\Admin\Pajak->create()
 7 SYSTEMPATH\CodeIgniter.php(507): CodeIgniter\CodeIgniter->runController(Object(App\Controllers\Admin\Pajak))
 8 SYSTEMPATH\CodeIgniter.php(354): CodeIgniter\CodeIgniter->handleRequest(null, Object(Config\Cache), false)
 9 SYSTEMPATH\Boot.php(334): CodeIgniter\CodeIgniter->run()
10 SYSTEMPATH\Boot.php(67): CodeIgniter\Boot::runCodeIgniter(Object(CodeIgniter\CodeIgniter))
11 FCPATH\index.php(59): CodeIgniter\Boot::bootWeb(Object(Config\Paths))
CRITICAL - 2025-08-07 04:51:28 --> ErrorException: Undefined variable $petugasList
[Method: GET, Route: admin/pajak/create]
in APPPATH\Views\admin\pajak\create.php on line 183.
 1 APPPATH\Views\admin\pajak\create.php(183): CodeIgniter\Debug\Exceptions->errorHandler(2, 'Undefined variable $petugasList', 'C:\\laragon\\www\\pajak\\app\\Views\\admin\\pajak\\create.php', 183)
 2 SYSTEMPATH\View\View.php(224): include('C:\\laragon\\www\\pajak\\app\\Views\\admin\\pajak\\create.php')
 3 SYSTEMPATH\View\View.php(227): CodeIgniter\View\View->CodeIgniter\View\{closure}()
 4 SYSTEMPATH\Common.php(1173): CodeIgniter\View\View->render('admin/pajak/create', [], true)
 5 APPPATH\Controllers\Admin\Pajak.php(42): view('admin/pajak/create')
 6 SYSTEMPATH\CodeIgniter.php(933): App\Controllers\Admin\Pajak->create()
 7 SYSTEMPATH\CodeIgniter.php(507): CodeIgniter\CodeIgniter->runController(Object(App\Controllers\Admin\Pajak))
 8 SYSTEMPATH\CodeIgniter.php(354): CodeIgniter\CodeIgniter->handleRequest(null, Object(Config\Cache), false)
 9 SYSTEMPATH\Boot.php(334): CodeIgniter\CodeIgniter->run()
10 SYSTEMPATH\Boot.php(67): CodeIgniter\Boot::runCodeIgniter(Object(CodeIgniter\CodeIgniter))
11 FCPATH\index.php(59): CodeIgniter\Boot::bootWeb(Object(Config\Paths))
CRITICAL - 2025-08-07 04:52:03 --> ErrorException: Undefined variable $petugasList
[Method: GET, Route: admin/pajak/create]
in APPPATH\Views\admin\pajak\create.php on line 183.
 1 APPPATH\Views\admin\pajak\create.php(183): CodeIgniter\Debug\Exceptions->errorHandler(2, 'Undefined variable $petugasList', 'C:\\laragon\\www\\pajak\\app\\Views\\admin\\pajak\\create.php', 183)
 2 SYSTEMPATH\View\View.php(224): include('C:\\laragon\\www\\pajak\\app\\Views\\admin\\pajak\\create.php')
 3 SYSTEMPATH\View\View.php(227): CodeIgniter\View\View->CodeIgniter\View\{closure}()
 4 SYSTEMPATH\Common.php(1173): CodeIgniter\View\View->render('admin/pajak/create', [], true)
 5 APPPATH\Controllers\Admin\Pajak.php(42): view('admin/pajak/create')
 6 SYSTEMPATH\CodeIgniter.php(933): App\Controllers\Admin\Pajak->create()
 7 SYSTEMPATH\CodeIgniter.php(507): CodeIgniter\CodeIgniter->runController(Object(App\Controllers\Admin\Pajak))
 8 SYSTEMPATH\CodeIgniter.php(354): CodeIgniter\CodeIgniter->handleRequest(null, Object(Config\Cache), false)
 9 SYSTEMPATH\Boot.php(334): CodeIgniter\CodeIgniter->run()
10 SYSTEMPATH\Boot.php(67): CodeIgniter\Boot::runCodeIgniter(Object(CodeIgniter\CodeIgniter))
11 FCPATH\index.php(59): CodeIgniter\Boot::bootWeb(Object(Config\Paths))
DEBUG - 2025-08-07 04:52:04 --> Session: Class initialized using 'CodeIgniter\Session\Handlers\FileHandler' driver.
CRITICAL - 2025-08-07 04:52:06 --> ErrorException: Undefined variable $petugasList
[Method: GET, Route: admin/pajak/create]
in APPPATH\Views\admin\pajak\create.php on line 183.
 1 APPPATH\Views\admin\pajak\create.php(183): CodeIgniter\Debug\Exceptions->errorHandler(2, 'Undefined variable $petugasList', 'C:\\laragon\\www\\pajak\\app\\Views\\admin\\pajak\\create.php', 183)
 2 SYSTEMPATH\View\View.php(224): include('C:\\laragon\\www\\pajak\\app\\Views\\admin\\pajak\\create.php')
 3 SYSTEMPATH\View\View.php(227): CodeIgniter\View\View->CodeIgniter\View\{closure}()
 4 SYSTEMPATH\Common.php(1173): CodeIgniter\View\View->render('admin/pajak/create', [], true)
 5 APPPATH\Controllers\Admin\Pajak.php(42): view('admin/pajak/create')
 6 SYSTEMPATH\CodeIgniter.php(933): App\Controllers\Admin\Pajak->create()
 7 SYSTEMPATH\CodeIgniter.php(507): CodeIgniter\CodeIgniter->runController(Object(App\Controllers\Admin\Pajak))
 8 SYSTEMPATH\CodeIgniter.php(354): CodeIgniter\CodeIgniter->handleRequest(null, Object(Config\Cache), false)
 9 SYSTEMPATH\Boot.php(334): CodeIgniter\CodeIgniter->run()
10 SYSTEMPATH\Boot.php(67): CodeIgniter\Boot::runCodeIgniter(Object(CodeIgniter\CodeIgniter))
11 FCPATH\index.php(59): CodeIgniter\Boot::bootWeb(Object(Config\Paths))
CRITICAL - 2025-08-07 04:56:06 --> ArgumentCountError: Too few arguments to function App\Controllers\Admin\Pajak::create(), 0 passed in C:\laragon\www\pajak\system\CodeIgniter.php on line 933 and exactly 1 expected
[Method: GET, Route: admin/pajak/create]
in APPPATH\Controllers\Admin\Pajak.php on line 40.
 1 SYSTEMPATH\CodeIgniter.php(933): App\Controllers\Admin\Pajak->create()
 2 SYSTEMPATH\CodeIgniter.php(507): CodeIgniter\CodeIgniter->runController(Object(App\Controllers\Admin\Pajak))
 3 SYSTEMPATH\CodeIgniter.php(354): CodeIgniter\CodeIgniter->handleRequest(null, Object(Config\Cache), false)
 4 SYSTEMPATH\Boot.php(334): CodeIgniter\CodeIgniter->run()
 5 SYSTEMPATH\Boot.php(67): CodeIgniter\Boot::runCodeIgniter(Object(CodeIgniter\CodeIgniter))
 6 FCPATH\index.php(59): CodeIgniter\Boot::bootWeb(Object(Config\Paths))
CRITICAL - 2025-08-07 04:56:07 --> ArgumentCountError: Too few arguments to function App\Controllers\Admin\Pajak::create(), 0 passed in C:\laragon\www\pajak\system\CodeIgniter.php on line 933 and exactly 1 expected
[Method: GET, Route: admin/pajak/create]
in APPPATH\Controllers\Admin\Pajak.php on line 40.
 1 SYSTEMPATH\CodeIgniter.php(933): App\Controllers\Admin\Pajak->create()
 2 SYSTEMPATH\CodeIgniter.php(507): CodeIgniter\CodeIgniter->runController(Object(App\Controllers\Admin\Pajak))
 3 SYSTEMPATH\CodeIgniter.php(354): CodeIgniter\CodeIgniter->handleRequest(null, Object(Config\Cache), false)
 4 SYSTEMPATH\Boot.php(334): CodeIgniter\CodeIgniter->run()
 5 SYSTEMPATH\Boot.php(67): CodeIgniter\Boot::runCodeIgniter(Object(CodeIgniter\CodeIgniter))
 6 FCPATH\index.php(59): CodeIgniter\Boot::bootWeb(Object(Config\Paths))
DEBUG - 2025-08-07 05:04:06 --> Session: Class initialized using 'CodeIgniter\Session\Handlers\FileHandler' driver.
CRITICAL - 2025-08-07 05:04:09 --> ErrorException: Undefined array key "petugas_id"
[Method: GET, Route: admin/pajak/edit/35]
in APPPATH\Views\admin\pajak\edit.php on line 181.
 1 APPPATH\Views\admin\pajak\edit.php(181): CodeIgniter\Debug\Exceptions->errorHandler(2, 'Undefined array key "petugas_id"', 'C:\\laragon\\www\\pajak\\app\\Views\\admin\\pajak\\edit.php', 181)
 2 SYSTEMPATH\View\View.php(224): include('C:\\laragon\\www\\pajak\\app\\Views\\admin\\pajak\\edit.php')
 3 SYSTEMPATH\View\View.php(227): CodeIgniter\View\View->CodeIgniter\View\{closure}()
 4 SYSTEMPATH\Common.php(1173): CodeIgniter\View\View->render('admin/pajak/edit', [], true)
 5 APPPATH\Controllers\Admin\Pajak.php(123): view('admin/pajak/edit', [...])
 6 SYSTEMPATH\CodeIgniter.php(933): App\Controllers\Admin\Pajak->edit('35')
 7 SYSTEMPATH\CodeIgniter.php(507): CodeIgniter\CodeIgniter->runController(Object(App\Controllers\Admin\Pajak))
 8 SYSTEMPATH\CodeIgniter.php(354): CodeIgniter\CodeIgniter->handleRequest(null, Object(Config\Cache), false)
 9 SYSTEMPATH\Boot.php(334): CodeIgniter\CodeIgniter->run()
10 SYSTEMPATH\Boot.php(67): CodeIgniter\Boot::runCodeIgniter(Object(CodeIgniter\CodeIgniter))
11 FCPATH\index.php(59): CodeIgniter\Boot::bootWeb(Object(Config\Paths))
CRITICAL - 2025-08-07 05:04:12 --> ErrorException: Undefined array key "petugas_id"
[Method: GET, Route: admin/pajak/edit/35]
in APPPATH\Views\admin\pajak\edit.php on line 181.
 1 APPPATH\Views\admin\pajak\edit.php(181): CodeIgniter\Debug\Exceptions->errorHandler(2, 'Undefined array key "petugas_id"', 'C:\\laragon\\www\\pajak\\app\\Views\\admin\\pajak\\edit.php', 181)
 2 SYSTEMPATH\View\View.php(224): include('C:\\laragon\\www\\pajak\\app\\Views\\admin\\pajak\\edit.php')
 3 SYSTEMPATH\View\View.php(227): CodeIgniter\View\View->CodeIgniter\View\{closure}()
 4 SYSTEMPATH\Common.php(1173): CodeIgniter\View\View->render('admin/pajak/edit', [], true)
 5 APPPATH\Controllers\Admin\Pajak.php(123): view('admin/pajak/edit', [...])
 6 SYSTEMPATH\CodeIgniter.php(933): App\Controllers\Admin\Pajak->edit('35')
 7 SYSTEMPATH\CodeIgniter.php(507): CodeIgniter\CodeIgniter->runController(Object(App\Controllers\Admin\Pajak))
 8 SYSTEMPATH\CodeIgniter.php(354): CodeIgniter\CodeIgniter->handleRequest(null, Object(Config\Cache), false)
 9 SYSTEMPATH\Boot.php(334): CodeIgniter\CodeIgniter->run()
10 SYSTEMPATH\Boot.php(67): CodeIgniter\Boot::runCodeIgniter(Object(CodeIgniter\CodeIgniter))
11 FCPATH\index.php(59): CodeIgniter\Boot::bootWeb(Object(Config\Paths))
DEBUG - 2025-08-07 05:05:14 --> Session: Class initialized using 'CodeIgniter\Session\Handlers\FileHandler' driver.
CRITICAL - 2025-08-07 05:08:00 --> ErrorException: Undefined array key "id_petugas"
[Method: GET, Route: admin/pajak/create]
in APPPATH\Views\admin\pajak\create.php on line 193.
 1 APPPATH\Views\admin\pajak\create.php(193): CodeIgniter\Debug\Exceptions->errorHandler(2, 'Undefined array key "id_petugas"', 'C:\\laragon\\www\\pajak\\app\\Views\\admin\\pajak\\create.php', 193)
 2 SYSTEMPATH\View\View.php(224): include('C:\\laragon\\www\\pajak\\app\\Views\\admin\\pajak\\create.php')
 3 SYSTEMPATH\View\View.php(227): CodeIgniter\View\View->CodeIgniter\View\{closure}()
 4 SYSTEMPATH\Common.php(1173): CodeIgniter\View\View->render('admin/pajak/create', [], true)
 5 APPPATH\Controllers\Admin\Pajak.php(46): view('admin/pajak/create', [...])
 6 SYSTEMPATH\CodeIgniter.php(933): App\Controllers\Admin\Pajak->create()
 7 SYSTEMPATH\CodeIgniter.php(507): CodeIgniter\CodeIgniter->runController(Object(App\Controllers\Admin\Pajak))
 8 SYSTEMPATH\CodeIgniter.php(354): CodeIgniter\CodeIgniter->handleRequest(null, Object(Config\Cache), false)
 9 SYSTEMPATH\Boot.php(334): CodeIgniter\CodeIgniter->run()
10 SYSTEMPATH\Boot.php(67): CodeIgniter\Boot::runCodeIgniter(Object(CodeIgniter\CodeIgniter))
11 FCPATH\index.php(59): CodeIgniter\Boot::bootWeb(Object(Config\Paths))
CRITICAL - 2025-08-07 05:08:02 --> ErrorException: Undefined array key "id_petugas"
[Method: GET, Route: admin/pajak/create]
in APPPATH\Views\admin\pajak\create.php on line 193.
 1 APPPATH\Views\admin\pajak\create.php(193): CodeIgniter\Debug\Exceptions->errorHandler(2, 'Undefined array key "id_petugas"', 'C:\\laragon\\www\\pajak\\app\\Views\\admin\\pajak\\create.php', 193)
 2 SYSTEMPATH\View\View.php(224): include('C:\\laragon\\www\\pajak\\app\\Views\\admin\\pajak\\create.php')
 3 SYSTEMPATH\View\View.php(227): CodeIgniter\View\View->CodeIgniter\View\{closure}()
 4 SYSTEMPATH\Common.php(1173): CodeIgniter\View\View->render('admin/pajak/create', [], true)
 5 APPPATH\Controllers\Admin\Pajak.php(46): view('admin/pajak/create', [...])
 6 SYSTEMPATH\CodeIgniter.php(933): App\Controllers\Admin\Pajak->create()
 7 SYSTEMPATH\CodeIgniter.php(507): CodeIgniter\CodeIgniter->runController(Object(App\Controllers\Admin\Pajak))
 8 SYSTEMPATH\CodeIgniter.php(354): CodeIgniter\CodeIgniter->handleRequest(null, Object(Config\Cache), false)
 9 SYSTEMPATH\Boot.php(334): CodeIgniter\CodeIgniter->run()
10 SYSTEMPATH\Boot.php(67): CodeIgniter\Boot::runCodeIgniter(Object(CodeIgniter\CodeIgniter))
11 FCPATH\index.php(59): CodeIgniter\Boot::bootWeb(Object(Config\Paths))
CRITICAL - 2025-08-07 05:08:26 --> ErrorException: Undefined array key "petugas"
[Method: GET, Route: admin/pajak/create]
in APPPATH\Views\admin\pajak\create.php on line 193.
 1 APPPATH\Views\admin\pajak\create.php(193): CodeIgniter\Debug\Exceptions->errorHandler(2, 'Undefined array key "petugas"', 'C:\\laragon\\www\\pajak\\app\\Views\\admin\\pajak\\create.php', 193)
 2 SYSTEMPATH\View\View.php(224): include('C:\\laragon\\www\\pajak\\app\\Views\\admin\\pajak\\create.php')
 3 SYSTEMPATH\View\View.php(227): CodeIgniter\View\View->CodeIgniter\View\{closure}()
 4 SYSTEMPATH\Common.php(1173): CodeIgniter\View\View->render('admin/pajak/create', [], true)
 5 APPPATH\Controllers\Admin\Pajak.php(46): view('admin/pajak/create', [...])
 6 SYSTEMPATH\CodeIgniter.php(933): App\Controllers\Admin\Pajak->create()
 7 SYSTEMPATH\CodeIgniter.php(507): CodeIgniter\CodeIgniter->runController(Object(App\Controllers\Admin\Pajak))
 8 SYSTEMPATH\CodeIgniter.php(354): CodeIgniter\CodeIgniter->handleRequest(null, Object(Config\Cache), false)
 9 SYSTEMPATH\Boot.php(334): CodeIgniter\CodeIgniter->run()
10 SYSTEMPATH\Boot.php(67): CodeIgniter\Boot::runCodeIgniter(Object(CodeIgniter\CodeIgniter))
11 FCPATH\index.php(59): CodeIgniter\Boot::bootWeb(Object(Config\Paths))
CRITICAL - 2025-08-07 05:09:07 --> ErrorException: Undefined array key "petugas_id"
[Method: GET, Route: admin/pajak/create]
in APPPATH\Views\admin\pajak\create.php on line 193.
 1 APPPATH\Views\admin\pajak\create.php(193): CodeIgniter\Debug\Exceptions->errorHandler(2, 'Undefined array key "petugas_id"', 'C:\\laragon\\www\\pajak\\app\\Views\\admin\\pajak\\create.php', 193)
 2 SYSTEMPATH\View\View.php(224): include('C:\\laragon\\www\\pajak\\app\\Views\\admin\\pajak\\create.php')
 3 SYSTEMPATH\View\View.php(227): CodeIgniter\View\View->CodeIgniter\View\{closure}()
 4 SYSTEMPATH\Common.php(1173): CodeIgniter\View\View->render('admin/pajak/create', [], true)
 5 APPPATH\Controllers\Admin\Pajak.php(46): view('admin/pajak/create', [...])
 6 SYSTEMPATH\CodeIgniter.php(933): App\Controllers\Admin\Pajak->create()
 7 SYSTEMPATH\CodeIgniter.php(507): CodeIgniter\CodeIgniter->runController(Object(App\Controllers\Admin\Pajak))
 8 SYSTEMPATH\CodeIgniter.php(354): CodeIgniter\CodeIgniter->handleRequest(null, Object(Config\Cache), false)
 9 SYSTEMPATH\Boot.php(334): CodeIgniter\CodeIgniter->run()
10 SYSTEMPATH\Boot.php(67): CodeIgniter\Boot::runCodeIgniter(Object(CodeIgniter\CodeIgniter))
11 FCPATH\index.php(59): CodeIgniter\Boot::bootWeb(Object(Config\Paths))
CRITICAL - 2025-08-07 05:09:39 --> ErrorException: Undefined array key "id_petugas"
[Method: GET, Route: admin/pajak/create]
in APPPATH\Views\admin\pajak\create.php on line 193.
 1 APPPATH\Views\admin\pajak\create.php(193): CodeIgniter\Debug\Exceptions->errorHandler(2, 'Undefined array key "id_petugas"', 'C:\\laragon\\www\\pajak\\app\\Views\\admin\\pajak\\create.php', 193)
 2 SYSTEMPATH\View\View.php(224): include('C:\\laragon\\www\\pajak\\app\\Views\\admin\\pajak\\create.php')
 3 SYSTEMPATH\View\View.php(227): CodeIgniter\View\View->CodeIgniter\View\{closure}()
 4 SYSTEMPATH\Common.php(1173): CodeIgniter\View\View->render('admin/pajak/create', [], true)
 5 APPPATH\Controllers\Admin\Pajak.php(46): view('admin/pajak/create', [...])
 6 SYSTEMPATH\CodeIgniter.php(933): App\Controllers\Admin\Pajak->create()
 7 SYSTEMPATH\CodeIgniter.php(507): CodeIgniter\CodeIgniter->runController(Object(App\Controllers\Admin\Pajak))
 8 SYSTEMPATH\CodeIgniter.php(354): CodeIgniter\CodeIgniter->handleRequest(null, Object(Config\Cache), false)
 9 SYSTEMPATH\Boot.php(334): CodeIgniter\CodeIgniter->run()
10 SYSTEMPATH\Boot.php(67): CodeIgniter\Boot::runCodeIgniter(Object(CodeIgniter\CodeIgniter))
11 FCPATH\index.php(59): CodeIgniter\Boot::bootWeb(Object(Config\Paths))
CRITICAL - 2025-08-07 05:09:40 --> ErrorException: Undefined array key "id_petugas"
[Method: GET, Route: admin/pajak/create]
in APPPATH\Views\admin\pajak\create.php on line 193.
 1 APPPATH\Views\admin\pajak\create.php(193): CodeIgniter\Debug\Exceptions->errorHandler(2, 'Undefined array key "id_petugas"', 'C:\\laragon\\www\\pajak\\app\\Views\\admin\\pajak\\create.php', 193)
 2 SYSTEMPATH\View\View.php(224): include('C:\\laragon\\www\\pajak\\app\\Views\\admin\\pajak\\create.php')
 3 SYSTEMPATH\View\View.php(227): CodeIgniter\View\View->CodeIgniter\View\{closure}()
 4 SYSTEMPATH\Common.php(1173): CodeIgniter\View\View->render('admin/pajak/create', [], true)
 5 APPPATH\Controllers\Admin\Pajak.php(46): view('admin/pajak/create', [...])
 6 SYSTEMPATH\CodeIgniter.php(933): App\Controllers\Admin\Pajak->create()
 7 SYSTEMPATH\CodeIgniter.php(507): CodeIgniter\CodeIgniter->runController(Object(App\Controllers\Admin\Pajak))
 8 SYSTEMPATH\CodeIgniter.php(354): CodeIgniter\CodeIgniter->handleRequest(null, Object(Config\Cache), false)
 9 SYSTEMPATH\Boot.php(334): CodeIgniter\CodeIgniter->run()
10 SYSTEMPATH\Boot.php(67): CodeIgniter\Boot::runCodeIgniter(Object(CodeIgniter\CodeIgniter))
11 FCPATH\index.php(59): CodeIgniter\Boot::bootWeb(Object(Config\Paths))
CRITICAL - 2025-08-07 05:09:49 --> ErrorException: Undefined array key "id_petugas"
[Method: GET, Route: admin/pajak/create]
in APPPATH\Views\admin\pajak\create.php on line 189.
 1 APPPATH\Views\admin\pajak\create.php(189): CodeIgniter\Debug\Exceptions->errorHandler(2, 'Undefined array key "id_petugas"', 'C:\\laragon\\www\\pajak\\app\\Views\\admin\\pajak\\create.php', 189)
 2 SYSTEMPATH\View\View.php(224): include('C:\\laragon\\www\\pajak\\app\\Views\\admin\\pajak\\create.php')
 3 SYSTEMPATH\View\View.php(227): CodeIgniter\View\View->CodeIgniter\View\{closure}()
 4 SYSTEMPATH\Common.php(1173): CodeIgniter\View\View->render('admin/pajak/create', [], true)
 5 APPPATH\Controllers\Admin\Pajak.php(46): view('admin/pajak/create', [...])
 6 SYSTEMPATH\CodeIgniter.php(933): App\Controllers\Admin\Pajak->create()
 7 SYSTEMPATH\CodeIgniter.php(507): CodeIgniter\CodeIgniter->runController(Object(App\Controllers\Admin\Pajak))
 8 SYSTEMPATH\CodeIgniter.php(354): CodeIgniter\CodeIgniter->handleRequest(null, Object(Config\Cache), false)
 9 SYSTEMPATH\Boot.php(334): CodeIgniter\CodeIgniter->run()
10 SYSTEMPATH\Boot.php(67): CodeIgniter\Boot::runCodeIgniter(Object(CodeIgniter\CodeIgniter))
11 FCPATH\index.php(59): CodeIgniter\Boot::bootWeb(Object(Config\Paths))
DEBUG - 2025-08-07 05:14:08 --> Session: Class initialized using 'CodeIgniter\Session\Handlers\FileHandler' driver.
CRITICAL - 2025-08-07 05:14:10 --> ErrorException: Undefined array key "petugas_id"
[Method: GET, Route: admin/pajak/edit/35]
in APPPATH\Views\admin\pajak\edit.php on line 181.
 1 APPPATH\Views\admin\pajak\edit.php(181): CodeIgniter\Debug\Exceptions->errorHandler(2, 'Undefined array key "petugas_id"', 'C:\\laragon\\www\\pajak\\app\\Views\\admin\\pajak\\edit.php', 181)
 2 SYSTEMPATH\View\View.php(224): include('C:\\laragon\\www\\pajak\\app\\Views\\admin\\pajak\\edit.php')
 3 SYSTEMPATH\View\View.php(227): CodeIgniter\View\View->CodeIgniter\View\{closure}()
 4 SYSTEMPATH\Common.php(1173): CodeIgniter\View\View->render('admin/pajak/edit', [], true)
 5 APPPATH\Controllers\Admin\Pajak.php(86): view('admin/pajak/edit', [...])
 6 SYSTEMPATH\CodeIgniter.php(933): App\Controllers\Admin\Pajak->edit('35')
 7 SYSTEMPATH\CodeIgniter.php(507): CodeIgniter\CodeIgniter->runController(Object(App\Controllers\Admin\Pajak))
 8 SYSTEMPATH\CodeIgniter.php(354): CodeIgniter\CodeIgniter->handleRequest(null, Object(Config\Cache), false)
 9 SYSTEMPATH\Boot.php(334): CodeIgniter\CodeIgniter->run()
10 SYSTEMPATH\Boot.php(67): CodeIgniter\Boot::runCodeIgniter(Object(CodeIgniter\CodeIgniter))
11 FCPATH\index.php(59): CodeIgniter\Boot::bootWeb(Object(Config\Paths))
DEBUG - 2025-08-07 05:14:32 --> Session: Class initialized using 'CodeIgniter\Session\Handlers\FileHandler' driver.
DEBUG - 2025-08-07 05:14:32 --> Session: Class initialized using 'CodeIgniter\Session\Handlers\FileHandler' driver.
DEBUG - 2025-08-07 05:14:44 --> Session: Class initialized using 'CodeIgniter\Session\Handlers\FileHandler' driver.
DEBUG - 2025-08-07 05:14:48 --> Session: Class initialized using 'CodeIgniter\Session\Handlers\FileHandler' driver.
DEBUG - 2025-08-07 05:14:57 --> Session: Class initialized using 'CodeIgniter\Session\Handlers\FileHandler' driver.
DEBUG - 2025-08-07 05:15:38 --> Session: Class initialized using 'CodeIgniter\Session\Handlers\FileHandler' driver.
DEBUG - 2025-08-07 05:15:41 --> Session: Class initialized using 'CodeIgniter\Session\Handlers\FileHandler' driver.
DEBUG - 2025-08-07 05:15:42 --> Session: Class initialized using 'CodeIgniter\Session\Handlers\FileHandler' driver.
DEBUG - 2025-08-07 05:15:59 --> Session: Class initialized using 'CodeIgniter\Session\Handlers\FileHandler' driver.
WARNING - 2025-08-07 05:16:06 --> [DEPRECATED] substr(): Passing null to parameter #1 ($string) of type string is deprecated in APPPATH\Views\admin\cicilan\index.php on line 30.
 1 APPPATH\Views\admin\cicilan\index.php(30): substr(null, 1)
 2 SYSTEMPATH\View\View.php(224): include('C:\\laragon\\www\\pajak\\app\\Views\\admin\\cicilan\\index.php')
 3 SYSTEMPATH\View\View.php(227): CodeIgniter\View\View->CodeIgniter\View\{closure}()
 4 SYSTEMPATH\Common.php(1173): CodeIgniter\View\View->render('admin/cicilan/index', [], true)
 5 APPPATH\Controllers\Admin\Cicilan.php(23): view('admin/cicilan/index', [...])
 6 SYSTEMPATH\CodeIgniter.php(933): App\Controllers\Admin\Cicilan->index()
 7 SYSTEMPATH\CodeIgniter.php(507): CodeIgniter\CodeIgniter->runController(Object(App\Controllers\Admin\Cicilan))
 8 SYSTEMPATH\CodeIgniter.php(354): CodeIgniter\CodeIgniter->handleRequest(null, Object(Config\Cache), false)
 9 SYSTEMPATH\Boot.php(334): CodeIgniter\CodeIgniter->run()
10 SYSTEMPATH\Boot.php(67): CodeIgniter\Boot::runCodeIgniter(Object(CodeIgniter\CodeIgniter))
11 FCPATH\index.php(59): CodeIgniter\Boot::bootWeb(Object(Config\Paths))
WARNING - 2025-08-07 05:16:06 --> [DEPRECATED] substr(): Passing null to parameter #1 ($string) of type string is deprecated in APPPATH\Views\admin\cicilan\index.php on line 30.
 1 APPPATH\Views\admin\cicilan\index.php(30): substr(null, 1)
 2 SYSTEMPATH\View\View.php(224): include('C:\\laragon\\www\\pajak\\app\\Views\\admin\\cicilan\\index.php')
 3 SYSTEMPATH\View\View.php(227): CodeIgniter\View\View->CodeIgniter\View\{closure}()
 4 SYSTEMPATH\Common.php(1173): CodeIgniter\View\View->render('admin/cicilan/index', [], true)
 5 APPPATH\Controllers\Admin\Cicilan.php(23): view('admin/cicilan/index', [...])
 6 SYSTEMPATH\CodeIgniter.php(933): App\Controllers\Admin\Cicilan->index()
 7 SYSTEMPATH\CodeIgniter.php(507): CodeIgniter\CodeIgniter->runController(Object(App\Controllers\Admin\Cicilan))
 8 SYSTEMPATH\CodeIgniter.php(354): CodeIgniter\CodeIgniter->handleRequest(null, Object(Config\Cache), false)
 9 SYSTEMPATH\Boot.php(334): CodeIgniter\CodeIgniter->run()
10 SYSTEMPATH\Boot.php(67): CodeIgniter\Boot::runCodeIgniter(Object(CodeIgniter\CodeIgniter))
11 FCPATH\index.php(59): CodeIgniter\Boot::bootWeb(Object(Config\Paths))
WARNING - 2025-08-07 05:16:06 --> [DEPRECATED] substr(): Passing null to parameter #1 ($string) of type string is deprecated in APPPATH\Views\admin\cicilan\index.php on line 30.
 1 APPPATH\Views\admin\cicilan\index.php(30): substr(null, 1)
 2 SYSTEMPATH\View\View.php(224): include('C:\\laragon\\www\\pajak\\app\\Views\\admin\\cicilan\\index.php')
 3 SYSTEMPATH\View\View.php(227): CodeIgniter\View\View->CodeIgniter\View\{closure}()
 4 SYSTEMPATH\Common.php(1173): CodeIgniter\View\View->render('admin/cicilan/index', [], true)
 5 APPPATH\Controllers\Admin\Cicilan.php(23): view('admin/cicilan/index', [...])
 6 SYSTEMPATH\CodeIgniter.php(933): App\Controllers\Admin\Cicilan->index()
 7 SYSTEMPATH\CodeIgniter.php(507): CodeIgniter\CodeIgniter->runController(Object(App\Controllers\Admin\Cicilan))
 8 SYSTEMPATH\CodeIgniter.php(354): CodeIgniter\CodeIgniter->handleRequest(null, Object(Config\Cache), false)
 9 SYSTEMPATH\Boot.php(334): CodeIgniter\CodeIgniter->run()
10 SYSTEMPATH\Boot.php(67): CodeIgniter\Boot::runCodeIgniter(Object(CodeIgniter\CodeIgniter))
11 FCPATH\index.php(59): CodeIgniter\Boot::bootWeb(Object(Config\Paths))
WARNING - 2025-08-07 05:16:06 --> [DEPRECATED] substr(): Passing null to parameter #1 ($string) of type string is deprecated in APPPATH\Views\admin\cicilan\index.php on line 30.
 1 APPPATH\Views\admin\cicilan\index.php(30): substr(null, 1)
 2 SYSTEMPATH\View\View.php(224): include('C:\\laragon\\www\\pajak\\app\\Views\\admin\\cicilan\\index.php')
 3 SYSTEMPATH\View\View.php(227): CodeIgniter\View\View->CodeIgniter\View\{closure}()
 4 SYSTEMPATH\Common.php(1173): CodeIgniter\View\View->render('admin/cicilan/index', [], true)
 5 APPPATH\Controllers\Admin\Cicilan.php(23): view('admin/cicilan/index', [...])
 6 SYSTEMPATH\CodeIgniter.php(933): App\Controllers\Admin\Cicilan->index()
 7 SYSTEMPATH\CodeIgniter.php(507): CodeIgniter\CodeIgniter->runController(Object(App\Controllers\Admin\Cicilan))
 8 SYSTEMPATH\CodeIgniter.php(354): CodeIgniter\CodeIgniter->handleRequest(null, Object(Config\Cache), false)
 9 SYSTEMPATH\Boot.php(334): CodeIgniter\CodeIgniter->run()
10 SYSTEMPATH\Boot.php(67): CodeIgniter\Boot::runCodeIgniter(Object(CodeIgniter\CodeIgniter))
11 FCPATH\index.php(59): CodeIgniter\Boot::bootWeb(Object(Config\Paths))
WARNING - 2025-08-07 05:16:06 --> [DEPRECATED] substr(): Passing null to parameter #1 ($string) of type string is deprecated in APPPATH\Views\admin\cicilan\index.php on line 30.
 1 APPPATH\Views\admin\cicilan\index.php(30): substr(null, 1)
 2 SYSTEMPATH\View\View.php(224): include('C:\\laragon\\www\\pajak\\app\\Views\\admin\\cicilan\\index.php')
 3 SYSTEMPATH\View\View.php(227): CodeIgniter\View\View->CodeIgniter\View\{closure}()
 4 SYSTEMPATH\Common.php(1173): CodeIgniter\View\View->render('admin/cicilan/index', [], true)
 5 APPPATH\Controllers\Admin\Cicilan.php(23): view('admin/cicilan/index', [...])
 6 SYSTEMPATH\CodeIgniter.php(933): App\Controllers\Admin\Cicilan->index()
 7 SYSTEMPATH\CodeIgniter.php(507): CodeIgniter\CodeIgniter->runController(Object(App\Controllers\Admin\Cicilan))
 8 SYSTEMPATH\CodeIgniter.php(354): CodeIgniter\CodeIgniter->handleRequest(null, Object(Config\Cache), false)
 9 SYSTEMPATH\Boot.php(334): CodeIgniter\CodeIgniter->run()
10 SYSTEMPATH\Boot.php(67): CodeIgniter\Boot::runCodeIgniter(Object(CodeIgniter\CodeIgniter))
11 FCPATH\index.php(59): CodeIgniter\Boot::bootWeb(Object(Config\Paths))
WARNING - 2025-08-07 05:16:06 --> [DEPRECATED] substr(): Passing null to parameter #1 ($string) of type string is deprecated in APPPATH\Views\admin\cicilan\index.php on line 30.
 1 APPPATH\Views\admin\cicilan\index.php(30): substr(null, 1)
 2 SYSTEMPATH\View\View.php(224): include('C:\\laragon\\www\\pajak\\app\\Views\\admin\\cicilan\\index.php')
 3 SYSTEMPATH\View\View.php(227): CodeIgniter\View\View->CodeIgniter\View\{closure}()
 4 SYSTEMPATH\Common.php(1173): CodeIgniter\View\View->render('admin/cicilan/index', [], true)
 5 APPPATH\Controllers\Admin\Cicilan.php(23): view('admin/cicilan/index', [...])
 6 SYSTEMPATH\CodeIgniter.php(933): App\Controllers\Admin\Cicilan->index()
 7 SYSTEMPATH\CodeIgniter.php(507): CodeIgniter\CodeIgniter->runController(Object(App\Controllers\Admin\Cicilan))
 8 SYSTEMPATH\CodeIgniter.php(354): CodeIgniter\CodeIgniter->handleRequest(null, Object(Config\Cache), false)
 9 SYSTEMPATH\Boot.php(334): CodeIgniter\CodeIgniter->run()
10 SYSTEMPATH\Boot.php(67): CodeIgniter\Boot::runCodeIgniter(Object(CodeIgniter\CodeIgniter))
11 FCPATH\index.php(59): CodeIgniter\Boot::bootWeb(Object(Config\Paths))
WARNING - 2025-08-07 05:16:06 --> [DEPRECATED] substr(): Passing null to parameter #1 ($string) of type string is deprecated in APPPATH\Views\admin\cicilan\index.php on line 30.
 1 APPPATH\Views\admin\cicilan\index.php(30): substr(null, 1)
 2 SYSTEMPATH\View\View.php(224): include('C:\\laragon\\www\\pajak\\app\\Views\\admin\\cicilan\\index.php')
 3 SYSTEMPATH\View\View.php(227): CodeIgniter\View\View->CodeIgniter\View\{closure}()
 4 SYSTEMPATH\Common.php(1173): CodeIgniter\View\View->render('admin/cicilan/index', [], true)
 5 APPPATH\Controllers\Admin\Cicilan.php(23): view('admin/cicilan/index', [...])
 6 SYSTEMPATH\CodeIgniter.php(933): App\Controllers\Admin\Cicilan->index()
 7 SYSTEMPATH\CodeIgniter.php(507): CodeIgniter\CodeIgniter->runController(Object(App\Controllers\Admin\Cicilan))
 8 SYSTEMPATH\CodeIgniter.php(354): CodeIgniter\CodeIgniter->handleRequest(null, Object(Config\Cache), false)
 9 SYSTEMPATH\Boot.php(334): CodeIgniter\CodeIgniter->run()
10 SYSTEMPATH\Boot.php(67): CodeIgniter\Boot::runCodeIgniter(Object(CodeIgniter\CodeIgniter))
11 FCPATH\index.php(59): CodeIgniter\Boot::bootWeb(Object(Config\Paths))
DEBUG - 2025-08-07 13:38:56 --> Session: Class initialized using 'CodeIgniter\Session\Handlers\FileHandler' driver.
DEBUG - 2025-08-07 13:39:28 --> Session: Class initialized using 'CodeIgniter\Session\Handlers\FileHandler' driver.
DEBUG - 2025-08-07 13:39:37 --> Session: Class initialized using 'CodeIgniter\Session\Handlers\FileHandler' driver.
DEBUG - 2025-08-07 13:39:38 --> Session: Class initialized using 'CodeIgniter\Session\Handlers\FileHandler' driver.
DEBUG - 2025-08-07 13:41:49 --> Session: Class initialized using 'CodeIgniter\Session\Handlers\FileHandler' driver.
DEBUG - 2025-08-07 13:41:49 --> Session: Class initialized using 'CodeIgniter\Session\Handlers\FileHandler' driver.
DEBUG - 2025-08-07 13:41:59 --> Session: Class initialized using 'CodeIgniter\Session\Handlers\FileHandler' driver.
DEBUG - 2025-08-07 13:41:59 --> Session: Class initialized using 'CodeIgniter\Session\Handlers\FileHandler' driver.
DEBUG - 2025-08-07 13:42:51 --> Session: Class initialized using 'CodeIgniter\Session\Handlers\FileHandler' driver.
DEBUG - 2025-08-07 13:42:54 --> Session: Class initialized using 'CodeIgniter\Session\Handlers\FileHandler' driver.
DEBUG - 2025-08-07 13:43:10 --> Session: Class initialized using 'CodeIgniter\Session\Handlers\FileHandler' driver.
DEBUG - 2025-08-07 13:43:10 --> Session: Class initialized using 'CodeIgniter\Session\Handlers\FileHandler' driver.
DEBUG - 2025-08-07 14:05:21 --> Session: Class initialized using 'CodeIgniter\Session\Handlers\FileHandler' driver.
DEBUG - 2025-08-07 14:05:25 --> Session: Class initialized using 'CodeIgniter\Session\Handlers\FileHandler' driver.
DEBUG - 2025-08-07 14:05:28 --> Session: Class initialized using 'CodeIgniter\Session\Handlers\FileHandler' driver.
DEBUG - 2025-08-07 14:05:40 --> Session: Class initialized using 'CodeIgniter\Session\Handlers\FileHandler' driver.
DEBUG - 2025-08-07 14:06:34 --> Session: Class initialized using 'CodeIgniter\Session\Handlers\FileHandler' driver.
DEBUG - 2025-08-07 14:15:46 --> Session: Class initialized using 'CodeIgniter\Session\Handlers\FileHandler' driver.
CRITICAL - 2025-08-07 14:15:46 --> ErrorException: Undefined array key "nama_pemohon"
[Method: GET, Route: admin/pajak]
in APPPATH\Views\admin\pajak\index.php on line 122.
 1 APPPATH\Views\admin\pajak\index.php(122): CodeIgniter\Debug\Exceptions->errorHandler(2, 'Undefined array key "nama_pemohon"', 'C:\\laragon\\www\\pajak\\app\\Views\\admin\\pajak\\index.php', 122)
 2 SYSTEMPATH\View\View.php(224): include('C:\\laragon\\www\\pajak\\app\\Views\\admin\\pajak\\index.php')
 3 SYSTEMPATH\View\View.php(227): CodeIgniter\View\View->CodeIgniter\View\{closure}()
 4 SYSTEMPATH\Common.php(1173): CodeIgniter\View\View->render('admin/pajak/index', [], true)
 5 APPPATH\Controllers\Admin\Pajak.php(36): view('admin/pajak/index', [...])
 6 SYSTEMPATH\CodeIgniter.php(933): App\Controllers\Admin\Pajak->index()
 7 SYSTEMPATH\CodeIgniter.php(507): CodeIgniter\CodeIgniter->runController(Object(App\Controllers\Admin\Pajak))
 8 SYSTEMPATH\CodeIgniter.php(354): CodeIgniter\CodeIgniter->handleRequest(null, Object(Config\Cache), false)
 9 SYSTEMPATH\Boot.php(334): CodeIgniter\CodeIgniter->run()
10 SYSTEMPATH\Boot.php(67): CodeIgniter\Boot::runCodeIgniter(Object(CodeIgniter\CodeIgniter))
11 FCPATH\index.php(59): CodeIgniter\Boot::bootWeb(Object(Config\Paths))
DEBUG - 2025-08-07 14:16:11 --> Session: Class initialized using 'CodeIgniter\Session\Handlers\FileHandler' driver.
CRITICAL - 2025-08-07 14:16:19 --> ErrorException: Undefined property: App\Controllers\Admin\Tracking::$pengajuanModel
[Method: GET, Route: admin/tracking/penugasan/36]
in APPPATH\Controllers\Admin\Tracking.php on line 56.
 1 APPPATH\Controllers\Admin\Tracking.php(56): CodeIgniter\Debug\Exceptions->errorHandler(2, 'Undefined property: App\\Controllers\\Admin\\Tracking::$pengajuanModel', 'C:\\laragon\\www\\pajak\\app\\Controllers\\Admin\\Tracking.php', 56)
 2 SYSTEMPATH\CodeIgniter.php(933): App\Controllers\Admin\Tracking->penugasan('36')
 3 SYSTEMPATH\CodeIgniter.php(507): CodeIgniter\CodeIgniter->runController(Object(App\Controllers\Admin\Tracking))
 4 SYSTEMPATH\CodeIgniter.php(354): CodeIgniter\CodeIgniter->handleRequest(null, Object(Config\Cache), false)
 5 SYSTEMPATH\Boot.php(334): CodeIgniter\CodeIgniter->run()
 6 SYSTEMPATH\Boot.php(67): CodeIgniter\Boot::runCodeIgniter(Object(CodeIgniter\CodeIgniter))
 7 FCPATH\index.php(59): CodeIgniter\Boot::bootWeb(Object(Config\Paths))
DEBUG - 2025-08-07 14:16:22 --> Session: Class initialized using 'CodeIgniter\Session\Handlers\FileHandler' driver.
ERROR - 2025-08-07 14:19:46 --> mysqli_sql_exception: Unknown column 'updated_at' in 'order clause' in C:\laragon\www\pajak\system\Database\MySQLi\Connection.php:327
Stack trace:
#0 C:\laragon\www\pajak\system\Database\MySQLi\Connection.php(327): mysqli->query('SELECT *\nFROM `...', 0)
#1 C:\laragon\www\pajak\system\Database\BaseConnection.php(738): CodeIgniter\Database\MySQLi\Connection->execute('SELECT *\nFROM `...')
#2 C:\laragon\www\pajak\system\Database\BaseConnection.php(652): CodeIgniter\Database\BaseConnection->simpleQuery('SELECT *\nFROM `...')
#3 C:\laragon\www\pajak\system\Database\BaseBuilder.php(1649): CodeIgniter\Database\BaseConnection->query('SELECT *\nFROM `...', Array, false)
#4 C:\laragon\www\pajak\system\Model.php(330): CodeIgniter\Database\BaseBuilder->get()
#5 C:\laragon\www\pajak\system\BaseModel.php(717): CodeIgniter\Model->doFirst()
#6 C:\laragon\www\pajak\app\Controllers\Admin\Tracking.php(40): CodeIgniter\BaseModel->first()
#7 C:\laragon\www\pajak\system\CodeIgniter.php(933): App\Controllers\Admin\Tracking->index()
#8 C:\laragon\www\pajak\system\CodeIgniter.php(507): CodeIgniter\CodeIgniter->runController(Object(App\Controllers\Admin\Tracking))
#9 C:\laragon\www\pajak\system\CodeIgniter.php(354): CodeIgniter\CodeIgniter->handleRequest(NULL, Object(Config\Cache), false)
#10 C:\laragon\www\pajak\system\Boot.php(334): CodeIgniter\CodeIgniter->run()
#11 C:\laragon\www\pajak\system\Boot.php(67): CodeIgniter\Boot::runCodeIgniter(Object(CodeIgniter\CodeIgniter))
#12 C:\laragon\www\pajak\public\index.php(59): CodeIgniter\Boot::bootWeb(Object(Config\Paths))
#13 {main}
CRITICAL - 2025-08-07 14:19:46 --> CodeIgniter\Database\Exceptions\DatabaseException: Unknown column 'updated_at' in 'order clause'
[Method: GET, Route: admin/tracking]
in SYSTEMPATH\Database\BaseConnection.php on line 692.
 1 SYSTEMPATH\Database\BaseBuilder.php(1649): CodeIgniter\Database\BaseConnection->query('SELECT *
FROM `tracking`
WHERE `pengajuan_id` = :pengajuan_id:
ORDER BY `updated_at` DESC
 LIMIT 1', [...], false)
 2 SYSTEMPATH\Model.php(330): CodeIgniter\Database\BaseBuilder->get()
 3 SYSTEMPATH\BaseModel.php(717): CodeIgniter\Model->doFirst()
 4 APPPATH\Controllers\Admin\Tracking.php(40): CodeIgniter\BaseModel->first()
 5 SYSTEMPATH\CodeIgniter.php(933): App\Controllers\Admin\Tracking->index()
 6 SYSTEMPATH\CodeIgniter.php(507): CodeIgniter\CodeIgniter->runController(Object(App\Controllers\Admin\Tracking))
 7 SYSTEMPATH\CodeIgniter.php(354): CodeIgniter\CodeIgniter->handleRequest(null, Object(Config\Cache), false)
 8 SYSTEMPATH\Boot.php(334): CodeIgniter\CodeIgniter->run()
 9 SYSTEMPATH\Boot.php(67): CodeIgniter\Boot::runCodeIgniter(Object(CodeIgniter\CodeIgniter))
10 FCPATH\index.php(59): CodeIgniter\Boot::bootWeb(Object(Config\Paths))
CRITICAL - 2025-08-07 14:19:46 --> [Caused by] CodeIgniter\Database\Exceptions\DatabaseException: Unknown column 'updated_at' in 'order clause'
in SYSTEMPATH\Database\MySQLi\Connection.php on line 332.
 1 SYSTEMPATH\Database\BaseConnection.php(738): CodeIgniter\Database\MySQLi\Connection->execute('SELECT *
FROM `tracking`
WHERE `pengajuan_id` = \'35\'
ORDER BY `updated_at` DESC
 LIMIT 1')
 2 SYSTEMPATH\Database\BaseConnection.php(652): CodeIgniter\Database\BaseConnection->simpleQuery('SELECT *
FROM `tracking`
WHERE `pengajuan_id` = \'35\'
ORDER BY `updated_at` DESC
 LIMIT 1')
 3 SYSTEMPATH\Database\BaseBuilder.php(1649): CodeIgniter\Database\BaseConnection->query('SELECT *
FROM `tracking`
WHERE `pengajuan_id` = :pengajuan_id:
ORDER BY `updated_at` DESC
 LIMIT 1', [...], false)
 4 SYSTEMPATH\Model.php(330): CodeIgniter\Database\BaseBuilder->get()
 5 SYSTEMPATH\BaseModel.php(717): CodeIgniter\Model->doFirst()
 6 APPPATH\Controllers\Admin\Tracking.php(40): CodeIgniter\BaseModel->first()
 7 SYSTEMPATH\CodeIgniter.php(933): App\Controllers\Admin\Tracking->index()
 8 SYSTEMPATH\CodeIgniter.php(507): CodeIgniter\CodeIgniter->runController(Object(App\Controllers\Admin\Tracking))
 9 SYSTEMPATH\CodeIgniter.php(354): CodeIgniter\CodeIgniter->handleRequest(null, Object(Config\Cache), false)
10 SYSTEMPATH\Boot.php(334): CodeIgniter\CodeIgniter->run()
11 SYSTEMPATH\Boot.php(67): CodeIgniter\Boot::runCodeIgniter(Object(CodeIgniter\CodeIgniter))
12 FCPATH\index.php(59): CodeIgniter\Boot::bootWeb(Object(Config\Paths))
CRITICAL - 2025-08-07 14:19:46 --> [Caused by] mysqli_sql_exception: Unknown column 'updated_at' in 'order clause'
in SYSTEMPATH\Database\MySQLi\Connection.php on line 327.
 1 SYSTEMPATH\Database\MySQLi\Connection.php(327): mysqli->query('SELECT *
FROM `tracking`
WHERE `pengajuan_id` = \'35\'
ORDER BY `updated_at` DESC
 LIMIT 1', 0)
 2 SYSTEMPATH\Database\BaseConnection.php(738): CodeIgniter\Database\MySQLi\Connection->execute('SELECT *
FROM `tracking`
WHERE `pengajuan_id` = \'35\'
ORDER BY `updated_at` DESC
 LIMIT 1')
 3 SYSTEMPATH\Database\BaseConnection.php(652): CodeIgniter\Database\BaseConnection->simpleQuery('SELECT *
FROM `tracking`
WHERE `pengajuan_id` = \'35\'
ORDER BY `updated_at` DESC
 LIMIT 1')
 4 SYSTEMPATH\Database\BaseBuilder.php(1649): CodeIgniter\Database\BaseConnection->query('SELECT *
FROM `tracking`
WHERE `pengajuan_id` = :pengajuan_id:
ORDER BY `updated_at` DESC
 LIMIT 1', [...], false)
 5 SYSTEMPATH\Model.php(330): CodeIgniter\Database\BaseBuilder->get()
 6 SYSTEMPATH\BaseModel.php(717): CodeIgniter\Model->doFirst()
 7 APPPATH\Controllers\Admin\Tracking.php(40): CodeIgniter\BaseModel->first()
 8 SYSTEMPATH\CodeIgniter.php(933): App\Controllers\Admin\Tracking->index()
 9 SYSTEMPATH\CodeIgniter.php(507): CodeIgniter\CodeIgniter->runController(Object(App\Controllers\Admin\Tracking))
10 SYSTEMPATH\CodeIgniter.php(354): CodeIgniter\CodeIgniter->handleRequest(null, Object(Config\Cache), false)
11 SYSTEMPATH\Boot.php(334): CodeIgniter\CodeIgniter->run()
12 SYSTEMPATH\Boot.php(67): CodeIgniter\Boot::runCodeIgniter(Object(CodeIgniter\CodeIgniter))
13 FCPATH\index.php(59): CodeIgniter\Boot::bootWeb(Object(Config\Paths))
ERROR - 2025-08-07 14:19:56 --> mysqli_sql_exception: Unknown column 'updated_at' in 'order clause' in C:\laragon\www\pajak\system\Database\MySQLi\Connection.php:327
Stack trace:
#0 C:\laragon\www\pajak\system\Database\MySQLi\Connection.php(327): mysqli->query('SELECT *\nFROM `...', 0)
#1 C:\laragon\www\pajak\system\Database\BaseConnection.php(738): CodeIgniter\Database\MySQLi\Connection->execute('SELECT *\nFROM `...')
#2 C:\laragon\www\pajak\system\Database\BaseConnection.php(652): CodeIgniter\Database\BaseConnection->simpleQuery('SELECT *\nFROM `...')
#3 C:\laragon\www\pajak\system\Database\BaseBuilder.php(1649): CodeIgniter\Database\BaseConnection->query('SELECT *\nFROM `...', Array, false)
#4 C:\laragon\www\pajak\system\Model.php(330): CodeIgniter\Database\BaseBuilder->get()
#5 C:\laragon\www\pajak\system\BaseModel.php(717): CodeIgniter\Model->doFirst()
#6 C:\laragon\www\pajak\app\Controllers\Admin\Tracking.php(38): CodeIgniter\BaseModel->first()
#7 C:\laragon\www\pajak\system\CodeIgniter.php(933): App\Controllers\Admin\Tracking->index()
#8 C:\laragon\www\pajak\system\CodeIgniter.php(507): CodeIgniter\CodeIgniter->runController(Object(App\Controllers\Admin\Tracking))
#9 C:\laragon\www\pajak\system\CodeIgniter.php(354): CodeIgniter\CodeIgniter->handleRequest(NULL, Object(Config\Cache), false)
#10 C:\laragon\www\pajak\system\Boot.php(334): CodeIgniter\CodeIgniter->run()
#11 C:\laragon\www\pajak\system\Boot.php(67): CodeIgniter\Boot::runCodeIgniter(Object(CodeIgniter\CodeIgniter))
#12 C:\laragon\www\pajak\public\index.php(59): CodeIgniter\Boot::bootWeb(Object(Config\Paths))
#13 {main}
CRITICAL - 2025-08-07 14:19:56 --> CodeIgniter\Database\Exceptions\DatabaseException: Unknown column 'updated_at' in 'order clause'
[Method: GET, Route: admin/tracking]
in SYSTEMPATH\Database\BaseConnection.php on line 692.
 1 SYSTEMPATH\Database\BaseBuilder.php(1649): CodeIgniter\Database\BaseConnection->query('SELECT *
FROM `tracking`
WHERE `pengajuan_id` = :pengajuan_id:
ORDER BY `updated_at` DESC
 LIMIT 1', [...], false)
 2 SYSTEMPATH\Model.php(330): CodeIgniter\Database\BaseBuilder->get()
 3 SYSTEMPATH\BaseModel.php(717): CodeIgniter\Model->doFirst()
 4 APPPATH\Controllers\Admin\Tracking.php(38): CodeIgniter\BaseModel->first()
 5 SYSTEMPATH\CodeIgniter.php(933): App\Controllers\Admin\Tracking->index()
 6 SYSTEMPATH\CodeIgniter.php(507): CodeIgniter\CodeIgniter->runController(Object(App\Controllers\Admin\Tracking))
 7 SYSTEMPATH\CodeIgniter.php(354): CodeIgniter\CodeIgniter->handleRequest(null, Object(Config\Cache), false)
 8 SYSTEMPATH\Boot.php(334): CodeIgniter\CodeIgniter->run()
 9 SYSTEMPATH\Boot.php(67): CodeIgniter\Boot::runCodeIgniter(Object(CodeIgniter\CodeIgniter))
10 FCPATH\index.php(59): CodeIgniter\Boot::bootWeb(Object(Config\Paths))
CRITICAL - 2025-08-07 14:19:56 --> [Caused by] CodeIgniter\Database\Exceptions\DatabaseException: Unknown column 'updated_at' in 'order clause'
in SYSTEMPATH\Database\MySQLi\Connection.php on line 332.
 1 SYSTEMPATH\Database\BaseConnection.php(738): CodeIgniter\Database\MySQLi\Connection->execute('SELECT *
FROM `tracking`
WHERE `pengajuan_id` = \'35\'
ORDER BY `updated_at` DESC
 LIMIT 1')
 2 SYSTEMPATH\Database\BaseConnection.php(652): CodeIgniter\Database\BaseConnection->simpleQuery('SELECT *
FROM `tracking`
WHERE `pengajuan_id` = \'35\'
ORDER BY `updated_at` DESC
 LIMIT 1')
 3 SYSTEMPATH\Database\BaseBuilder.php(1649): CodeIgniter\Database\BaseConnection->query('SELECT *
FROM `tracking`
WHERE `pengajuan_id` = :pengajuan_id:
ORDER BY `updated_at` DESC
 LIMIT 1', [...], false)
 4 SYSTEMPATH\Model.php(330): CodeIgniter\Database\BaseBuilder->get()
 5 SYSTEMPATH\BaseModel.php(717): CodeIgniter\Model->doFirst()
 6 APPPATH\Controllers\Admin\Tracking.php(38): CodeIgniter\BaseModel->first()
 7 SYSTEMPATH\CodeIgniter.php(933): App\Controllers\Admin\Tracking->index()
 8 SYSTEMPATH\CodeIgniter.php(507): CodeIgniter\CodeIgniter->runController(Object(App\Controllers\Admin\Tracking))
 9 SYSTEMPATH\CodeIgniter.php(354): CodeIgniter\CodeIgniter->handleRequest(null, Object(Config\Cache), false)
10 SYSTEMPATH\Boot.php(334): CodeIgniter\CodeIgniter->run()
11 SYSTEMPATH\Boot.php(67): CodeIgniter\Boot::runCodeIgniter(Object(CodeIgniter\CodeIgniter))
12 FCPATH\index.php(59): CodeIgniter\Boot::bootWeb(Object(Config\Paths))
CRITICAL - 2025-08-07 14:19:56 --> [Caused by] mysqli_sql_exception: Unknown column 'updated_at' in 'order clause'
in SYSTEMPATH\Database\MySQLi\Connection.php on line 327.
 1 SYSTEMPATH\Database\MySQLi\Connection.php(327): mysqli->query('SELECT *
FROM `tracking`
WHERE `pengajuan_id` = \'35\'
ORDER BY `updated_at` DESC
 LIMIT 1', 0)
 2 SYSTEMPATH\Database\BaseConnection.php(738): CodeIgniter\Database\MySQLi\Connection->execute('SELECT *
FROM `tracking`
WHERE `pengajuan_id` = \'35\'
ORDER BY `updated_at` DESC
 LIMIT 1')
 3 SYSTEMPATH\Database\BaseConnection.php(652): CodeIgniter\Database\BaseConnection->simpleQuery('SELECT *
FROM `tracking`
WHERE `pengajuan_id` = \'35\'
ORDER BY `updated_at` DESC
 LIMIT 1')
 4 SYSTEMPATH\Database\BaseBuilder.php(1649): CodeIgniter\Database\BaseConnection->query('SELECT *
FROM `tracking`
WHERE `pengajuan_id` = :pengajuan_id:
ORDER BY `updated_at` DESC
 LIMIT 1', [...], false)
 5 SYSTEMPATH\Model.php(330): CodeIgniter\Database\BaseBuilder->get()
 6 SYSTEMPATH\BaseModel.php(717): CodeIgniter\Model->doFirst()
 7 APPPATH\Controllers\Admin\Tracking.php(38): CodeIgniter\BaseModel->first()
 8 SYSTEMPATH\CodeIgniter.php(933): App\Controllers\Admin\Tracking->index()
 9 SYSTEMPATH\CodeIgniter.php(507): CodeIgniter\CodeIgniter->runController(Object(App\Controllers\Admin\Tracking))
10 SYSTEMPATH\CodeIgniter.php(354): CodeIgniter\CodeIgniter->handleRequest(null, Object(Config\Cache), false)
11 SYSTEMPATH\Boot.php(334): CodeIgniter\CodeIgniter->run()
12 SYSTEMPATH\Boot.php(67): CodeIgniter\Boot::runCodeIgniter(Object(CodeIgniter\CodeIgniter))
13 FCPATH\index.php(59): CodeIgniter\Boot::bootWeb(Object(Config\Paths))
DEBUG - 2025-08-07 14:20:01 --> Session: Class initialized using 'CodeIgniter\Session\Handlers\FileHandler' driver.
ERROR - 2025-08-07 14:20:11 --> mysqli_sql_exception: Unknown column 'updated_at' in 'order clause' in C:\laragon\www\pajak\system\Database\MySQLi\Connection.php:327
Stack trace:
#0 C:\laragon\www\pajak\system\Database\MySQLi\Connection.php(327): mysqli->query('SELECT *\nFROM `...', 0)
#1 C:\laragon\www\pajak\system\Database\BaseConnection.php(738): CodeIgniter\Database\MySQLi\Connection->execute('SELECT *\nFROM `...')
#2 C:\laragon\www\pajak\system\Database\BaseConnection.php(652): CodeIgniter\Database\BaseConnection->simpleQuery('SELECT *\nFROM `...')
#3 C:\laragon\www\pajak\system\Database\BaseBuilder.php(1649): CodeIgniter\Database\BaseConnection->query('SELECT *\nFROM `...', Array, false)
#4 C:\laragon\www\pajak\system\Model.php(330): CodeIgniter\Database\BaseBuilder->get()
#5 C:\laragon\www\pajak\system\BaseModel.php(717): CodeIgniter\Model->doFirst()
#6 C:\laragon\www\pajak\app\Controllers\Admin\Tracking.php(38): CodeIgniter\BaseModel->first()
#7 C:\laragon\www\pajak\system\CodeIgniter.php(933): App\Controllers\Admin\Tracking->index()
#8 C:\laragon\www\pajak\system\CodeIgniter.php(507): CodeIgniter\CodeIgniter->runController(Object(App\Controllers\Admin\Tracking))
#9 C:\laragon\www\pajak\system\CodeIgniter.php(354): CodeIgniter\CodeIgniter->handleRequest(NULL, Object(Config\Cache), false)
#10 C:\laragon\www\pajak\system\Boot.php(334): CodeIgniter\CodeIgniter->run()
#11 C:\laragon\www\pajak\system\Boot.php(67): CodeIgniter\Boot::runCodeIgniter(Object(CodeIgniter\CodeIgniter))
#12 C:\laragon\www\pajak\public\index.php(59): CodeIgniter\Boot::bootWeb(Object(Config\Paths))
#13 {main}
CRITICAL - 2025-08-07 14:20:11 --> CodeIgniter\Database\Exceptions\DatabaseException: Unknown column 'updated_at' in 'order clause'
[Method: GET, Route: admin/tracking]
in SYSTEMPATH\Database\BaseConnection.php on line 692.
 1 SYSTEMPATH\Database\BaseBuilder.php(1649): CodeIgniter\Database\BaseConnection->query('SELECT *
FROM `tracking`
WHERE `pengajuan_id` = :pengajuan_id:
ORDER BY `updated_at` DESC
 LIMIT 1', [...], false)
 2 SYSTEMPATH\Model.php(330): CodeIgniter\Database\BaseBuilder->get()
 3 SYSTEMPATH\BaseModel.php(717): CodeIgniter\Model->doFirst()
 4 APPPATH\Controllers\Admin\Tracking.php(38): CodeIgniter\BaseModel->first()
 5 SYSTEMPATH\CodeIgniter.php(933): App\Controllers\Admin\Tracking->index()
 6 SYSTEMPATH\CodeIgniter.php(507): CodeIgniter\CodeIgniter->runController(Object(App\Controllers\Admin\Tracking))
 7 SYSTEMPATH\CodeIgniter.php(354): CodeIgniter\CodeIgniter->handleRequest(null, Object(Config\Cache), false)
 8 SYSTEMPATH\Boot.php(334): CodeIgniter\CodeIgniter->run()
 9 SYSTEMPATH\Boot.php(67): CodeIgniter\Boot::runCodeIgniter(Object(CodeIgniter\CodeIgniter))
10 FCPATH\index.php(59): CodeIgniter\Boot::bootWeb(Object(Config\Paths))
CRITICAL - 2025-08-07 14:20:11 --> [Caused by] CodeIgniter\Database\Exceptions\DatabaseException: Unknown column 'updated_at' in 'order clause'
in SYSTEMPATH\Database\MySQLi\Connection.php on line 332.
 1 SYSTEMPATH\Database\BaseConnection.php(738): CodeIgniter\Database\MySQLi\Connection->execute('SELECT *
FROM `tracking`
WHERE `pengajuan_id` = \'36\'
ORDER BY `updated_at` DESC
 LIMIT 1')
 2 SYSTEMPATH\Database\BaseConnection.php(652): CodeIgniter\Database\BaseConnection->simpleQuery('SELECT *
FROM `tracking`
WHERE `pengajuan_id` = \'36\'
ORDER BY `updated_at` DESC
 LIMIT 1')
 3 SYSTEMPATH\Database\BaseBuilder.php(1649): CodeIgniter\Database\BaseConnection->query('SELECT *
FROM `tracking`
WHERE `pengajuan_id` = :pengajuan_id:
ORDER BY `updated_at` DESC
 LIMIT 1', [...], false)
 4 SYSTEMPATH\Model.php(330): CodeIgniter\Database\BaseBuilder->get()
 5 SYSTEMPATH\BaseModel.php(717): CodeIgniter\Model->doFirst()
 6 APPPATH\Controllers\Admin\Tracking.php(38): CodeIgniter\BaseModel->first()
 7 SYSTEMPATH\CodeIgniter.php(933): App\Controllers\Admin\Tracking->index()
 8 SYSTEMPATH\CodeIgniter.php(507): CodeIgniter\CodeIgniter->runController(Object(App\Controllers\Admin\Tracking))
 9 SYSTEMPATH\CodeIgniter.php(354): CodeIgniter\CodeIgniter->handleRequest(null, Object(Config\Cache), false)
10 SYSTEMPATH\Boot.php(334): CodeIgniter\CodeIgniter->run()
11 SYSTEMPATH\Boot.php(67): CodeIgniter\Boot::runCodeIgniter(Object(CodeIgniter\CodeIgniter))
12 FCPATH\index.php(59): CodeIgniter\Boot::bootWeb(Object(Config\Paths))
CRITICAL - 2025-08-07 14:20:11 --> [Caused by] mysqli_sql_exception: Unknown column 'updated_at' in 'order clause'
in SYSTEMPATH\Database\MySQLi\Connection.php on line 327.
 1 SYSTEMPATH\Database\MySQLi\Connection.php(327): mysqli->query('SELECT *
FROM `tracking`
WHERE `pengajuan_id` = \'36\'
ORDER BY `updated_at` DESC
 LIMIT 1', 0)
 2 SYSTEMPATH\Database\BaseConnection.php(738): CodeIgniter\Database\MySQLi\Connection->execute('SELECT *
FROM `tracking`
WHERE `pengajuan_id` = \'36\'
ORDER BY `updated_at` DESC
 LIMIT 1')
 3 SYSTEMPATH\Database\BaseConnection.php(652): CodeIgniter\Database\BaseConnection->simpleQuery('SELECT *
FROM `tracking`
WHERE `pengajuan_id` = \'36\'
ORDER BY `updated_at` DESC
 LIMIT 1')
 4 SYSTEMPATH\Database\BaseBuilder.php(1649): CodeIgniter\Database\BaseConnection->query('SELECT *
FROM `tracking`
WHERE `pengajuan_id` = :pengajuan_id:
ORDER BY `updated_at` DESC
 LIMIT 1', [...], false)
 5 SYSTEMPATH\Model.php(330): CodeIgniter\Database\BaseBuilder->get()
 6 SYSTEMPATH\BaseModel.php(717): CodeIgniter\Model->doFirst()
 7 APPPATH\Controllers\Admin\Tracking.php(38): CodeIgniter\BaseModel->first()
 8 SYSTEMPATH\CodeIgniter.php(933): App\Controllers\Admin\Tracking->index()
 9 SYSTEMPATH\CodeIgniter.php(507): CodeIgniter\CodeIgniter->runController(Object(App\Controllers\Admin\Tracking))
10 SYSTEMPATH\CodeIgniter.php(354): CodeIgniter\CodeIgniter->handleRequest(null, Object(Config\Cache), false)
11 SYSTEMPATH\Boot.php(334): CodeIgniter\CodeIgniter->run()
12 SYSTEMPATH\Boot.php(67): CodeIgniter\Boot::runCodeIgniter(Object(CodeIgniter\CodeIgniter))
13 FCPATH\index.php(59): CodeIgniter\Boot::bootWeb(Object(Config\Paths))
ERROR - 2025-08-07 14:20:36 --> mysqli_sql_exception: Unknown column 'updated_at' in 'order clause' in C:\laragon\www\pajak\system\Database\MySQLi\Connection.php:327
Stack trace:
#0 C:\laragon\www\pajak\system\Database\MySQLi\Connection.php(327): mysqli->query('SELECT *\nFROM `...', 0)
#1 C:\laragon\www\pajak\system\Database\BaseConnection.php(738): CodeIgniter\Database\MySQLi\Connection->execute('SELECT *\nFROM `...')
#2 C:\laragon\www\pajak\system\Database\BaseConnection.php(652): CodeIgniter\Database\BaseConnection->simpleQuery('SELECT *\nFROM `...')
#3 C:\laragon\www\pajak\system\Database\BaseBuilder.php(1649): CodeIgniter\Database\BaseConnection->query('SELECT *\nFROM `...', Array, false)
#4 C:\laragon\www\pajak\system\Model.php(330): CodeIgniter\Database\BaseBuilder->get()
#5 C:\laragon\www\pajak\system\BaseModel.php(717): CodeIgniter\Model->doFirst()
#6 C:\laragon\www\pajak\app\Controllers\Admin\Tracking.php(38): CodeIgniter\BaseModel->first()
#7 C:\laragon\www\pajak\system\CodeIgniter.php(933): App\Controllers\Admin\Tracking->index()
#8 C:\laragon\www\pajak\system\CodeIgniter.php(507): CodeIgniter\CodeIgniter->runController(Object(App\Controllers\Admin\Tracking))
#9 C:\laragon\www\pajak\system\CodeIgniter.php(354): CodeIgniter\CodeIgniter->handleRequest(NULL, Object(Config\Cache), false)
#10 C:\laragon\www\pajak\system\Boot.php(334): CodeIgniter\CodeIgniter->run()
#11 C:\laragon\www\pajak\system\Boot.php(67): CodeIgniter\Boot::runCodeIgniter(Object(CodeIgniter\CodeIgniter))
#12 C:\laragon\www\pajak\public\index.php(59): CodeIgniter\Boot::bootWeb(Object(Config\Paths))
#13 {main}
CRITICAL - 2025-08-07 14:20:36 --> CodeIgniter\Database\Exceptions\DatabaseException: Unknown column 'updated_at' in 'order clause'
[Method: GET, Route: admin/tracking]
in SYSTEMPATH\Database\BaseConnection.php on line 692.
 1 SYSTEMPATH\Database\BaseBuilder.php(1649): CodeIgniter\Database\BaseConnection->query('SELECT *
FROM `tracking`
WHERE `pengajuan_id` = :pengajuan_id:
ORDER BY `updated_at` DESC
 LIMIT 1', [...], false)
 2 SYSTEMPATH\Model.php(330): CodeIgniter\Database\BaseBuilder->get()
 3 SYSTEMPATH\BaseModel.php(717): CodeIgniter\Model->doFirst()
 4 APPPATH\Controllers\Admin\Tracking.php(38): CodeIgniter\BaseModel->first()
 5 SYSTEMPATH\CodeIgniter.php(933): App\Controllers\Admin\Tracking->index()
 6 SYSTEMPATH\CodeIgniter.php(507): CodeIgniter\CodeIgniter->runController(Object(App\Controllers\Admin\Tracking))
 7 SYSTEMPATH\CodeIgniter.php(354): CodeIgniter\CodeIgniter->handleRequest(null, Object(Config\Cache), false)
 8 SYSTEMPATH\Boot.php(334): CodeIgniter\CodeIgniter->run()
 9 SYSTEMPATH\Boot.php(67): CodeIgniter\Boot::runCodeIgniter(Object(CodeIgniter\CodeIgniter))
10 FCPATH\index.php(59): CodeIgniter\Boot::bootWeb(Object(Config\Paths))
CRITICAL - 2025-08-07 14:20:36 --> [Caused by] CodeIgniter\Database\Exceptions\DatabaseException: Unknown column 'updated_at' in 'order clause'
in SYSTEMPATH\Database\MySQLi\Connection.php on line 332.
 1 SYSTEMPATH\Database\BaseConnection.php(738): CodeIgniter\Database\MySQLi\Connection->execute('SELECT *
FROM `tracking`
WHERE `pengajuan_id` = \'36\'
ORDER BY `updated_at` DESC
 LIMIT 1')
 2 SYSTEMPATH\Database\BaseConnection.php(652): CodeIgniter\Database\BaseConnection->simpleQuery('SELECT *
FROM `tracking`
WHERE `pengajuan_id` = \'36\'
ORDER BY `updated_at` DESC
 LIMIT 1')
 3 SYSTEMPATH\Database\BaseBuilder.php(1649): CodeIgniter\Database\BaseConnection->query('SELECT *
FROM `tracking`
WHERE `pengajuan_id` = :pengajuan_id:
ORDER BY `updated_at` DESC
 LIMIT 1', [...], false)
 4 SYSTEMPATH\Model.php(330): CodeIgniter\Database\BaseBuilder->get()
 5 SYSTEMPATH\BaseModel.php(717): CodeIgniter\Model->doFirst()
 6 APPPATH\Controllers\Admin\Tracking.php(38): CodeIgniter\BaseModel->first()
 7 SYSTEMPATH\CodeIgniter.php(933): App\Controllers\Admin\Tracking->index()
 8 SYSTEMPATH\CodeIgniter.php(507): CodeIgniter\CodeIgniter->runController(Object(App\Controllers\Admin\Tracking))
 9 SYSTEMPATH\CodeIgniter.php(354): CodeIgniter\CodeIgniter->handleRequest(null, Object(Config\Cache), false)
10 SYSTEMPATH\Boot.php(334): CodeIgniter\CodeIgniter->run()
11 SYSTEMPATH\Boot.php(67): CodeIgniter\Boot::runCodeIgniter(Object(CodeIgniter\CodeIgniter))
12 FCPATH\index.php(59): CodeIgniter\Boot::bootWeb(Object(Config\Paths))
CRITICAL - 2025-08-07 14:20:36 --> [Caused by] mysqli_sql_exception: Unknown column 'updated_at' in 'order clause'
in SYSTEMPATH\Database\MySQLi\Connection.php on line 327.
 1 SYSTEMPATH\Database\MySQLi\Connection.php(327): mysqli->query('SELECT *
FROM `tracking`
WHERE `pengajuan_id` = \'36\'
ORDER BY `updated_at` DESC
 LIMIT 1', 0)
 2 SYSTEMPATH\Database\BaseConnection.php(738): CodeIgniter\Database\MySQLi\Connection->execute('SELECT *
FROM `tracking`
WHERE `pengajuan_id` = \'36\'
ORDER BY `updated_at` DESC
 LIMIT 1')
 3 SYSTEMPATH\Database\BaseConnection.php(652): CodeIgniter\Database\BaseConnection->simpleQuery('SELECT *
FROM `tracking`
WHERE `pengajuan_id` = \'36\'
ORDER BY `updated_at` DESC
 LIMIT 1')
 4 SYSTEMPATH\Database\BaseBuilder.php(1649): CodeIgniter\Database\BaseConnection->query('SELECT *
FROM `tracking`
WHERE `pengajuan_id` = :pengajuan_id:
ORDER BY `updated_at` DESC
 LIMIT 1', [...], false)
 5 SYSTEMPATH\Model.php(330): CodeIgniter\Database\BaseBuilder->get()
 6 SYSTEMPATH\BaseModel.php(717): CodeIgniter\Model->doFirst()
 7 APPPATH\Controllers\Admin\Tracking.php(38): CodeIgniter\BaseModel->first()
 8 SYSTEMPATH\CodeIgniter.php(933): App\Controllers\Admin\Tracking->index()
 9 SYSTEMPATH\CodeIgniter.php(507): CodeIgniter\CodeIgniter->runController(Object(App\Controllers\Admin\Tracking))
10 SYSTEMPATH\CodeIgniter.php(354): CodeIgniter\CodeIgniter->handleRequest(null, Object(Config\Cache), false)
11 SYSTEMPATH\Boot.php(334): CodeIgniter\CodeIgniter->run()
12 SYSTEMPATH\Boot.php(67): CodeIgniter\Boot::runCodeIgniter(Object(CodeIgniter\CodeIgniter))
13 FCPATH\index.php(59): CodeIgniter\Boot::bootWeb(Object(Config\Paths))
ERROR - 2025-08-07 14:20:37 --> mysqli_sql_exception: Unknown column 'updated_at' in 'order clause' in C:\laragon\www\pajak\system\Database\MySQLi\Connection.php:327
Stack trace:
#0 C:\laragon\www\pajak\system\Database\MySQLi\Connection.php(327): mysqli->query('SELECT *\nFROM `...', 0)
#1 C:\laragon\www\pajak\system\Database\BaseConnection.php(738): CodeIgniter\Database\MySQLi\Connection->execute('SELECT *\nFROM `...')
#2 C:\laragon\www\pajak\system\Database\BaseConnection.php(652): CodeIgniter\Database\BaseConnection->simpleQuery('SELECT *\nFROM `...')
#3 C:\laragon\www\pajak\system\Database\BaseBuilder.php(1649): CodeIgniter\Database\BaseConnection->query('SELECT *\nFROM `...', Array, false)
#4 C:\laragon\www\pajak\system\Model.php(330): CodeIgniter\Database\BaseBuilder->get()
#5 C:\laragon\www\pajak\system\BaseModel.php(717): CodeIgniter\Model->doFirst()
#6 C:\laragon\www\pajak\app\Controllers\Admin\Tracking.php(38): CodeIgniter\BaseModel->first()
#7 C:\laragon\www\pajak\system\CodeIgniter.php(933): App\Controllers\Admin\Tracking->index()
#8 C:\laragon\www\pajak\system\CodeIgniter.php(507): CodeIgniter\CodeIgniter->runController(Object(App\Controllers\Admin\Tracking))
#9 C:\laragon\www\pajak\system\CodeIgniter.php(354): CodeIgniter\CodeIgniter->handleRequest(NULL, Object(Config\Cache), false)
#10 C:\laragon\www\pajak\system\Boot.php(334): CodeIgniter\CodeIgniter->run()
#11 C:\laragon\www\pajak\system\Boot.php(67): CodeIgniter\Boot::runCodeIgniter(Object(CodeIgniter\CodeIgniter))
#12 C:\laragon\www\pajak\public\index.php(59): CodeIgniter\Boot::bootWeb(Object(Config\Paths))
#13 {main}
CRITICAL - 2025-08-07 14:20:37 --> CodeIgniter\Database\Exceptions\DatabaseException: Unknown column 'updated_at' in 'order clause'
[Method: GET, Route: admin/tracking]
in SYSTEMPATH\Database\BaseConnection.php on line 692.
 1 SYSTEMPATH\Database\BaseBuilder.php(1649): CodeIgniter\Database\BaseConnection->query('SELECT *
FROM `tracking`
WHERE `pengajuan_id` = :pengajuan_id:
ORDER BY `updated_at` DESC
 LIMIT 1', [...], false)
 2 SYSTEMPATH\Model.php(330): CodeIgniter\Database\BaseBuilder->get()
 3 SYSTEMPATH\BaseModel.php(717): CodeIgniter\Model->doFirst()
 4 APPPATH\Controllers\Admin\Tracking.php(38): CodeIgniter\BaseModel->first()
 5 SYSTEMPATH\CodeIgniter.php(933): App\Controllers\Admin\Tracking->index()
 6 SYSTEMPATH\CodeIgniter.php(507): CodeIgniter\CodeIgniter->runController(Object(App\Controllers\Admin\Tracking))
 7 SYSTEMPATH\CodeIgniter.php(354): CodeIgniter\CodeIgniter->handleRequest(null, Object(Config\Cache), false)
 8 SYSTEMPATH\Boot.php(334): CodeIgniter\CodeIgniter->run()
 9 SYSTEMPATH\Boot.php(67): CodeIgniter\Boot::runCodeIgniter(Object(CodeIgniter\CodeIgniter))
10 FCPATH\index.php(59): CodeIgniter\Boot::bootWeb(Object(Config\Paths))
CRITICAL - 2025-08-07 14:20:37 --> [Caused by] CodeIgniter\Database\Exceptions\DatabaseException: Unknown column 'updated_at' in 'order clause'
in SYSTEMPATH\Database\MySQLi\Connection.php on line 332.
 1 SYSTEMPATH\Database\BaseConnection.php(738): CodeIgniter\Database\MySQLi\Connection->execute('SELECT *
FROM `tracking`
WHERE `pengajuan_id` = \'36\'
ORDER BY `updated_at` DESC
 LIMIT 1')
 2 SYSTEMPATH\Database\BaseConnection.php(652): CodeIgniter\Database\BaseConnection->simpleQuery('SELECT *
FROM `tracking`
WHERE `pengajuan_id` = \'36\'
ORDER BY `updated_at` DESC
 LIMIT 1')
 3 SYSTEMPATH\Database\BaseBuilder.php(1649): CodeIgniter\Database\BaseConnection->query('SELECT *
FROM `tracking`
WHERE `pengajuan_id` = :pengajuan_id:
ORDER BY `updated_at` DESC
 LIMIT 1', [...], false)
 4 SYSTEMPATH\Model.php(330): CodeIgniter\Database\BaseBuilder->get()
 5 SYSTEMPATH\BaseModel.php(717): CodeIgniter\Model->doFirst()
 6 APPPATH\Controllers\Admin\Tracking.php(38): CodeIgniter\BaseModel->first()
 7 SYSTEMPATH\CodeIgniter.php(933): App\Controllers\Admin\Tracking->index()
 8 SYSTEMPATH\CodeIgniter.php(507): CodeIgniter\CodeIgniter->runController(Object(App\Controllers\Admin\Tracking))
 9 SYSTEMPATH\CodeIgniter.php(354): CodeIgniter\CodeIgniter->handleRequest(null, Object(Config\Cache), false)
10 SYSTEMPATH\Boot.php(334): CodeIgniter\CodeIgniter->run()
11 SYSTEMPATH\Boot.php(67): CodeIgniter\Boot::runCodeIgniter(Object(CodeIgniter\CodeIgniter))
12 FCPATH\index.php(59): CodeIgniter\Boot::bootWeb(Object(Config\Paths))
CRITICAL - 2025-08-07 14:20:37 --> [Caused by] mysqli_sql_exception: Unknown column 'updated_at' in 'order clause'
in SYSTEMPATH\Database\MySQLi\Connection.php on line 327.
 1 SYSTEMPATH\Database\MySQLi\Connection.php(327): mysqli->query('SELECT *
FROM `tracking`
WHERE `pengajuan_id` = \'36\'
ORDER BY `updated_at` DESC
 LIMIT 1', 0)
 2 SYSTEMPATH\Database\BaseConnection.php(738): CodeIgniter\Database\MySQLi\Connection->execute('SELECT *
FROM `tracking`
WHERE `pengajuan_id` = \'36\'
ORDER BY `updated_at` DESC
 LIMIT 1')
 3 SYSTEMPATH\Database\BaseConnection.php(652): CodeIgniter\Database\BaseConnection->simpleQuery('SELECT *
FROM `tracking`
WHERE `pengajuan_id` = \'36\'
ORDER BY `updated_at` DESC
 LIMIT 1')
 4 SYSTEMPATH\Database\BaseBuilder.php(1649): CodeIgniter\Database\BaseConnection->query('SELECT *
FROM `tracking`
WHERE `pengajuan_id` = :pengajuan_id:
ORDER BY `updated_at` DESC
 LIMIT 1', [...], false)
 5 SYSTEMPATH\Model.php(330): CodeIgniter\Database\BaseBuilder->get()
 6 SYSTEMPATH\BaseModel.php(717): CodeIgniter\Model->doFirst()
 7 APPPATH\Controllers\Admin\Tracking.php(38): CodeIgniter\BaseModel->first()
 8 SYSTEMPATH\CodeIgniter.php(933): App\Controllers\Admin\Tracking->index()
 9 SYSTEMPATH\CodeIgniter.php(507): CodeIgniter\CodeIgniter->runController(Object(App\Controllers\Admin\Tracking))
10 SYSTEMPATH\CodeIgniter.php(354): CodeIgniter\CodeIgniter->handleRequest(null, Object(Config\Cache), false)
11 SYSTEMPATH\Boot.php(334): CodeIgniter\CodeIgniter->run()
12 SYSTEMPATH\Boot.php(67): CodeIgniter\Boot::runCodeIgniter(Object(CodeIgniter\CodeIgniter))
13 FCPATH\index.php(59): CodeIgniter\Boot::bootWeb(Object(Config\Paths))
ERROR - 2025-08-07 14:21:07 --> mysqli_sql_exception: Unknown column 'updated_at' in 'order clause' in C:\laragon\www\pajak\system\Database\MySQLi\Connection.php:327
Stack trace:
#0 C:\laragon\www\pajak\system\Database\MySQLi\Connection.php(327): mysqli->query('SELECT *\nFROM `...', 0)
#1 C:\laragon\www\pajak\system\Database\BaseConnection.php(738): CodeIgniter\Database\MySQLi\Connection->execute('SELECT *\nFROM `...')
#2 C:\laragon\www\pajak\system\Database\BaseConnection.php(652): CodeIgniter\Database\BaseConnection->simpleQuery('SELECT *\nFROM `...')
#3 C:\laragon\www\pajak\system\Database\BaseBuilder.php(1649): CodeIgniter\Database\BaseConnection->query('SELECT *\nFROM `...', Array, false)
#4 C:\laragon\www\pajak\system\Model.php(330): CodeIgniter\Database\BaseBuilder->get()
#5 C:\laragon\www\pajak\system\BaseModel.php(717): CodeIgniter\Model->doFirst()
#6 C:\laragon\www\pajak\app\Controllers\Admin\Tracking.php(38): CodeIgniter\BaseModel->first()
#7 C:\laragon\www\pajak\system\CodeIgniter.php(933): App\Controllers\Admin\Tracking->index()
#8 C:\laragon\www\pajak\system\CodeIgniter.php(507): CodeIgniter\CodeIgniter->runController(Object(App\Controllers\Admin\Tracking))
#9 C:\laragon\www\pajak\system\CodeIgniter.php(354): CodeIgniter\CodeIgniter->handleRequest(NULL, Object(Config\Cache), false)
#10 C:\laragon\www\pajak\system\Boot.php(334): CodeIgniter\CodeIgniter->run()
#11 C:\laragon\www\pajak\system\Boot.php(67): CodeIgniter\Boot::runCodeIgniter(Object(CodeIgniter\CodeIgniter))
#12 C:\laragon\www\pajak\public\index.php(59): CodeIgniter\Boot::bootWeb(Object(Config\Paths))
#13 {main}
CRITICAL - 2025-08-07 14:21:07 --> CodeIgniter\Database\Exceptions\DatabaseException: Unknown column 'updated_at' in 'order clause'
[Method: GET, Route: admin/tracking]
in SYSTEMPATH\Database\BaseConnection.php on line 692.
 1 SYSTEMPATH\Database\BaseBuilder.php(1649): CodeIgniter\Database\BaseConnection->query('SELECT *
FROM `tracking`
WHERE `pengajuan_id` = :pengajuan_id:
ORDER BY `updated_at` DESC
 LIMIT 1', [...], false)
 2 SYSTEMPATH\Model.php(330): CodeIgniter\Database\BaseBuilder->get()
 3 SYSTEMPATH\BaseModel.php(717): CodeIgniter\Model->doFirst()
 4 APPPATH\Controllers\Admin\Tracking.php(38): CodeIgniter\BaseModel->first()
 5 SYSTEMPATH\CodeIgniter.php(933): App\Controllers\Admin\Tracking->index()
 6 SYSTEMPATH\CodeIgniter.php(507): CodeIgniter\CodeIgniter->runController(Object(App\Controllers\Admin\Tracking))
 7 SYSTEMPATH\CodeIgniter.php(354): CodeIgniter\CodeIgniter->handleRequest(null, Object(Config\Cache), false)
 8 SYSTEMPATH\Boot.php(334): CodeIgniter\CodeIgniter->run()
 9 SYSTEMPATH\Boot.php(67): CodeIgniter\Boot::runCodeIgniter(Object(CodeIgniter\CodeIgniter))
10 FCPATH\index.php(59): CodeIgniter\Boot::bootWeb(Object(Config\Paths))
CRITICAL - 2025-08-07 14:21:07 --> [Caused by] CodeIgniter\Database\Exceptions\DatabaseException: Unknown column 'updated_at' in 'order clause'
in SYSTEMPATH\Database\MySQLi\Connection.php on line 332.
 1 SYSTEMPATH\Database\BaseConnection.php(738): CodeIgniter\Database\MySQLi\Connection->execute('SELECT *
FROM `tracking`
WHERE `pengajuan_id` = \'36\'
ORDER BY `updated_at` DESC
 LIMIT 1')
 2 SYSTEMPATH\Database\BaseConnection.php(652): CodeIgniter\Database\BaseConnection->simpleQuery('SELECT *
FROM `tracking`
WHERE `pengajuan_id` = \'36\'
ORDER BY `updated_at` DESC
 LIMIT 1')
 3 SYSTEMPATH\Database\BaseBuilder.php(1649): CodeIgniter\Database\BaseConnection->query('SELECT *
FROM `tracking`
WHERE `pengajuan_id` = :pengajuan_id:
ORDER BY `updated_at` DESC
 LIMIT 1', [...], false)
 4 SYSTEMPATH\Model.php(330): CodeIgniter\Database\BaseBuilder->get()
 5 SYSTEMPATH\BaseModel.php(717): CodeIgniter\Model->doFirst()
 6 APPPATH\Controllers\Admin\Tracking.php(38): CodeIgniter\BaseModel->first()
 7 SYSTEMPATH\CodeIgniter.php(933): App\Controllers\Admin\Tracking->index()
 8 SYSTEMPATH\CodeIgniter.php(507): CodeIgniter\CodeIgniter->runController(Object(App\Controllers\Admin\Tracking))
 9 SYSTEMPATH\CodeIgniter.php(354): CodeIgniter\CodeIgniter->handleRequest(null, Object(Config\Cache), false)
10 SYSTEMPATH\Boot.php(334): CodeIgniter\CodeIgniter->run()
11 SYSTEMPATH\Boot.php(67): CodeIgniter\Boot::runCodeIgniter(Object(CodeIgniter\CodeIgniter))
12 FCPATH\index.php(59): CodeIgniter\Boot::bootWeb(Object(Config\Paths))
CRITICAL - 2025-08-07 14:21:07 --> [Caused by] mysqli_sql_exception: Unknown column 'updated_at' in 'order clause'
in SYSTEMPATH\Database\MySQLi\Connection.php on line 327.
 1 SYSTEMPATH\Database\MySQLi\Connection.php(327): mysqli->query('SELECT *
FROM `tracking`
WHERE `pengajuan_id` = \'36\'
ORDER BY `updated_at` DESC
 LIMIT 1', 0)
 2 SYSTEMPATH\Database\BaseConnection.php(738): CodeIgniter\Database\MySQLi\Connection->execute('SELECT *
FROM `tracking`
WHERE `pengajuan_id` = \'36\'
ORDER BY `updated_at` DESC
 LIMIT 1')
 3 SYSTEMPATH\Database\BaseConnection.php(652): CodeIgniter\Database\BaseConnection->simpleQuery('SELECT *
FROM `tracking`
WHERE `pengajuan_id` = \'36\'
ORDER BY `updated_at` DESC
 LIMIT 1')
 4 SYSTEMPATH\Database\BaseBuilder.php(1649): CodeIgniter\Database\BaseConnection->query('SELECT *
FROM `tracking`
WHERE `pengajuan_id` = :pengajuan_id:
ORDER BY `updated_at` DESC
 LIMIT 1', [...], false)
 5 SYSTEMPATH\Model.php(330): CodeIgniter\Database\BaseBuilder->get()
 6 SYSTEMPATH\BaseModel.php(717): CodeIgniter\Model->doFirst()
 7 APPPATH\Controllers\Admin\Tracking.php(38): CodeIgniter\BaseModel->first()
 8 SYSTEMPATH\CodeIgniter.php(933): App\Controllers\Admin\Tracking->index()
 9 SYSTEMPATH\CodeIgniter.php(507): CodeIgniter\CodeIgniter->runController(Object(App\Controllers\Admin\Tracking))
10 SYSTEMPATH\CodeIgniter.php(354): CodeIgniter\CodeIgniter->handleRequest(null, Object(Config\Cache), false)
11 SYSTEMPATH\Boot.php(334): CodeIgniter\CodeIgniter->run()
12 SYSTEMPATH\Boot.php(67): CodeIgniter\Boot::runCodeIgniter(Object(CodeIgniter\CodeIgniter))
13 FCPATH\index.php(59): CodeIgniter\Boot::bootWeb(Object(Config\Paths))
DEBUG - 2025-08-07 14:21:13 --> Session: Class initialized using 'CodeIgniter\Session\Handlers\FileHandler' driver.
